{"C:\\Users\\qwint\\Dev Yandex\\stellar-burgers\\src\\services\\constructorSlice.ts": {"path":"C:\\Users\\qwint\\Dev Yandex\\stellar-burgers\\src\\services\\constructorSlice.ts","all":false,"statementMap":{"0":{"start":{"line":1,"column":0},"end":{"line":1,"column":80}},"1":{"start":{"line":2,"column":0},"end":{"line":2,"column":67}},"2":{"start":{"line":3,"column":0},"end":{"line":3,"column":32}},"3":{"start":{"line":4,"column":0},"end":{"line":4,"column":0}},"4":{"start":{"line":5,"column":0},"end":{"line":5,"column":33}},"5":{"start":{"line":6,"column":0},"end":{"line":6,"column":37}},"6":{"start":{"line":7,"column":0},"end":{"line":7,"column":40}},"7":{"start":{"line":8,"column":0},"end":{"line":8,"column":2}},"8":{"start":{"line":9,"column":0},"end":{"line":9,"column":0}},"9":{"start":{"line":10,"column":0},"end":{"line":10,"column":41}},"10":{"start":{"line":11,"column":0},"end":{"line":11,"column":12}},"11":{"start":{"line":12,"column":0},"end":{"line":12,"column":17}},"12":{"start":{"line":13,"column":0},"end":{"line":13,"column":2}},"13":{"start":{"line":14,"column":0},"end":{"line":14,"column":0}},"14":{"start":{"line":15,"column":0},"end":{"line":15,"column":45}},"15":{"start":{"line":16,"column":0},"end":{"line":16,"column":27}},"16":{"start":{"line":17,"column":0},"end":{"line":17,"column":15}},"17":{"start":{"line":18,"column":0},"end":{"line":18,"column":13}},"18":{"start":{"line":19,"column":0},"end":{"line":19,"column":20}},"19":{"start":{"line":20,"column":0},"end":{"line":20,"column":74}},"20":{"start":{"line":21,"column":0},"end":{"line":21,"column":37}},"21":{"start":{"line":22,"column":0},"end":{"line":22,"column":40}},"22":{"start":{"line":23,"column":0},"end":{"line":23,"column":51}},"23":{"start":{"line":24,"column":0},"end":{"line":24,"column":8}},"24":{"start":{"line":25,"column":0},"end":{"line":25,"column":46}},"25":{"start":{"line":26,"column":0},"end":{"line":26,"column":48}},"26":{"start":{"line":27,"column":0},"end":{"line":27,"column":8}},"27":{"start":{"line":28,"column":0},"end":{"line":28,"column":6}},"28":{"start":{"line":29,"column":0},"end":{"line":29,"column":42}},"29":{"start":{"line":30,"column":0},"end":{"line":30,"column":42}},"30":{"start":{"line":31,"column":0},"end":{"line":31,"column":53}},"31":{"start":{"line":32,"column":0},"end":{"line":32,"column":42}},"32":{"start":{"line":33,"column":0},"end":{"line":33,"column":10}},"33":{"start":{"line":34,"column":0},"end":{"line":34,"column":7}},"34":{"start":{"line":35,"column":0},"end":{"line":35,"column":6}},"35":{"start":{"line":36,"column":0},"end":{"line":36,"column":42}},"36":{"start":{"line":37,"column":0},"end":{"line":37,"column":48}},"37":{"start":{"line":38,"column":0},"end":{"line":38,"column":61}},"38":{"start":{"line":39,"column":0},"end":{"line":39,"column":8}},"39":{"start":{"line":40,"column":0},"end":{"line":40,"column":58}},"40":{"start":{"line":41,"column":0},"end":{"line":41,"column":44}},"41":{"start":{"line":42,"column":0},"end":{"line":42,"column":64}},"42":{"start":{"line":43,"column":0},"end":{"line":43,"column":44}},"43":{"start":{"line":44,"column":0},"end":{"line":44,"column":7}},"44":{"start":{"line":45,"column":0},"end":{"line":45,"column":6}},"45":{"start":{"line":46,"column":0},"end":{"line":46,"column":44}},"46":{"start":{"line":47,"column":0},"end":{"line":47,"column":48}},"47":{"start":{"line":48,"column":0},"end":{"line":48,"column":61}},"48":{"start":{"line":49,"column":0},"end":{"line":49,"column":8}},"49":{"start":{"line":50,"column":0},"end":{"line":50,"column":63}},"50":{"start":{"line":51,"column":0},"end":{"line":51,"column":44}},"51":{"start":{"line":52,"column":0},"end":{"line":52,"column":64}},"52":{"start":{"line":53,"column":0},"end":{"line":53,"column":44}},"53":{"start":{"line":54,"column":0},"end":{"line":54,"column":7}},"54":{"start":{"line":55,"column":0},"end":{"line":55,"column":6}},"55":{"start":{"line":56,"column":0},"end":{"line":56,"column":40}},"56":{"start":{"line":57,"column":0},"end":{"line":57,"column":4}},"57":{"start":{"line":58,"column":0},"end":{"line":58,"column":14}},"58":{"start":{"line":59,"column":0},"end":{"line":59,"column":60}},"59":{"start":{"line":60,"column":0},"end":{"line":60,"column":3}},"60":{"start":{"line":61,"column":0},"end":{"line":61,"column":3}},"61":{"start":{"line":62,"column":0},"end":{"line":62,"column":0}},"62":{"start":{"line":63,"column":0},"end":{"line":63,"column":14}},"63":{"start":{"line":64,"column":0},"end":{"line":64,"column":16}},"64":{"start":{"line":65,"column":0},"end":{"line":65,"column":19}},"65":{"start":{"line":66,"column":0},"end":{"line":66,"column":19}},"66":{"start":{"line":67,"column":0},"end":{"line":67,"column":21}},"67":{"start":{"line":68,"column":0},"end":{"line":68,"column":18}},"68":{"start":{"line":69,"column":0},"end":{"line":69,"column":29}},"69":{"start":{"line":70,"column":0},"end":{"line":70,"column":0}},"70":{"start":{"line":71,"column":0},"end":{"line":71,"column":66}}},"s":{"0":1,"1":1,"2":1,"3":1,"4":1,"5":1,"6":1,"7":1,"8":1,"9":1,"10":1,"11":1,"12":1,"13":1,"14":1,"15":1,"16":1,"17":1,"18":1,"19":1,"20":2,"21":2,"22":2,"23":1,"24":1,"25":2,"26":2,"27":1,"28":1,"29":1,"30":1,"31":1,"32":1,"33":1,"34":1,"35":1,"36":1,"37":1,"38":1,"39":1,"40":1,"41":1,"42":1,"43":1,"44":1,"45":1,"46":1,"47":1,"48":1,"49":1,"50":1,"51":1,"52":1,"53":1,"54":1,"55":1,"56":1,"57":1,"58":1,"59":1,"60":1,"61":1,"62":1,"63":1,"64":1,"65":1,"66":1,"67":1,"68":1,"69":1,"70":1},"branchMap":{"0":{"type":"branch","line":20,"loc":{"start":{"line":20,"column":15},"end":{"line":24,"column":7}},"locations":[{"start":{"line":20,"column":15},"end":{"line":24,"column":7}}]},"1":{"type":"branch","line":22,"loc":{"start":{"line":22,"column":-2},"end":{"line":22,"column":39}},"locations":[{"start":{"line":22,"column":-2},"end":{"line":22,"column":39}}]},"2":{"type":"branch","line":22,"loc":{"start":{"line":22,"column":39},"end":{"line":23,"column":50}},"locations":[{"start":{"line":22,"column":39},"end":{"line":23,"column":50}}]},"3":{"type":"branch","line":25,"loc":{"start":{"line":25,"column":15},"end":{"line":27,"column":8}},"locations":[{"start":{"line":25,"column":15},"end":{"line":27,"column":8}}]},"4":{"type":"branch","line":29,"loc":{"start":{"line":29,"column":22},"end":{"line":35,"column":5}},"locations":[{"start":{"line":29,"column":22},"end":{"line":35,"column":5}}]},"5":{"type":"branch","line":32,"loc":{"start":{"line":32,"column":10},"end":{"line":32,"column":42}},"locations":[{"start":{"line":32,"column":10},"end":{"line":32,"column":42}}]},"6":{"type":"branch","line":36,"loc":{"start":{"line":36,"column":22},"end":{"line":45,"column":5}},"locations":[{"start":{"line":36,"column":22},"end":{"line":45,"column":5}}]},"7":{"type":"branch","line":38,"loc":{"start":{"line":38,"column":8},"end":{"line":38,"column":61}},"locations":[{"start":{"line":38,"column":8},"end":{"line":38,"column":61}}]},"8":{"type":"branch","line":46,"loc":{"start":{"line":46,"column":24},"end":{"line":55,"column":5}},"locations":[{"start":{"line":46,"column":24},"end":{"line":55,"column":5}}]},"9":{"type":"branch","line":48,"loc":{"start":{"line":48,"column":8},"end":{"line":48,"column":61}},"locations":[{"start":{"line":48,"column":8},"end":{"line":48,"column":61}}]},"10":{"type":"branch","line":56,"loc":{"start":{"line":56,"column":22},"end":{"line":56,"column":40}},"locations":[{"start":{"line":56,"column":22},"end":{"line":56,"column":40}}]}},"b":{"0":[2],"1":[1],"2":[1],"3":[2],"4":[1],"5":[1],"6":[1],"7":[2],"8":[1],"9":[1],"10":[1]},"fnMap":{"0":{"name":"reducer","decl":{"start":{"line":20,"column":15},"end":{"line":24,"column":7}},"loc":{"start":{"line":20,"column":15},"end":{"line":24,"column":7}},"line":20},"1":{"name":"prepare","decl":{"start":{"line":25,"column":15},"end":{"line":27,"column":8}},"loc":{"start":{"line":25,"column":15},"end":{"line":27,"column":8}},"line":25},"2":{"name":"removeIngredient","decl":{"start":{"line":29,"column":22},"end":{"line":35,"column":5}},"loc":{"start":{"line":29,"column":22},"end":{"line":35,"column":5}},"line":29},"3":{"name":"moveIngredientUp","decl":{"start":{"line":36,"column":22},"end":{"line":45,"column":5}},"loc":{"start":{"line":36,"column":22},"end":{"line":45,"column":5}},"line":36},"4":{"name":"moveIngredientDown","decl":{"start":{"line":46,"column":24},"end":{"line":55,"column":5}},"loc":{"start":{"line":46,"column":24},"end":{"line":55,"column":5}},"line":46},"5":{"name":"resetConstructor","decl":{"start":{"line":56,"column":22},"end":{"line":56,"column":40}},"loc":{"start":{"line":56,"column":22},"end":{"line":56,"column":40}},"line":56},"6":{"name":"burgerStateSelector","decl":{"start":{"line":59,"column":25},"end":{"line":59,"column":60}},"loc":{"start":{"line":59,"column":25},"end":{"line":59,"column":60}},"line":59}},"f":{"0":2,"1":2,"2":1,"3":1,"4":1,"5":1,"6":0}}
,"C:\\Users\\qwint\\Dev Yandex\\stellar-burgers\\src\\services\\feedSlice.ts": {"path":"C:\\Users\\qwint\\Dev Yandex\\stellar-burgers\\src\\services\\feedSlice.ts","all":false,"statementMap":{"0":{"start":{"line":1,"column":0},"end":{"line":1,"column":49}},"1":{"start":{"line":2,"column":0},"end":{"line":2,"column":65}},"2":{"start":{"line":3,"column":0},"end":{"line":3,"column":38}},"3":{"start":{"line":4,"column":0},"end":{"line":4,"column":0}},"4":{"start":{"line":5,"column":0},"end":{"line":5,"column":67}},"5":{"start":{"line":6,"column":0},"end":{"line":6,"column":0}},"6":{"start":{"line":7,"column":0},"end":{"line":7,"column":27}},"7":{"start":{"line":8,"column":0},"end":{"line":8,"column":19}},"8":{"start":{"line":9,"column":0},"end":{"line":9,"column":16}},"9":{"start":{"line":10,"column":0},"end":{"line":10,"column":21}},"10":{"start":{"line":11,"column":0},"end":{"line":11,"column":21}},"11":{"start":{"line":12,"column":0},"end":{"line":12,"column":2}},"12":{"start":{"line":13,"column":0},"end":{"line":13,"column":0}},"13":{"start":{"line":14,"column":0},"end":{"line":14,"column":35}},"14":{"start":{"line":15,"column":0},"end":{"line":15,"column":13}},"15":{"start":{"line":16,"column":0},"end":{"line":16,"column":11}},"16":{"start":{"line":17,"column":0},"end":{"line":17,"column":16}},"17":{"start":{"line":18,"column":0},"end":{"line":18,"column":18}},"18":{"start":{"line":19,"column":0},"end":{"line":19,"column":2}},"19":{"start":{"line":20,"column":0},"end":{"line":20,"column":0}},"20":{"start":{"line":21,"column":0},"end":{"line":21,"column":38}},"21":{"start":{"line":22,"column":0},"end":{"line":22,"column":16}},"22":{"start":{"line":23,"column":0},"end":{"line":23,"column":15}},"23":{"start":{"line":24,"column":0},"end":{"line":24,"column":15}},"24":{"start":{"line":25,"column":0},"end":{"line":25,"column":14}},"25":{"start":{"line":26,"column":0},"end":{"line":26,"column":40}},"26":{"start":{"line":27,"column":0},"end":{"line":27,"column":47}},"27":{"start":{"line":28,"column":0},"end":{"line":28,"column":4}},"28":{"start":{"line":29,"column":0},"end":{"line":29,"column":26}},"29":{"start":{"line":30,"column":0},"end":{"line":30,"column":11}},"30":{"start":{"line":31,"column":0},"end":{"line":31,"column":45}},"31":{"start":{"line":32,"column":0},"end":{"line":32,"column":31}},"32":{"start":{"line":33,"column":0},"end":{"line":33,"column":8}},"33":{"start":{"line":34,"column":0},"end":{"line":34,"column":53}},"34":{"start":{"line":35,"column":0},"end":{"line":35,"column":55}},"35":{"start":{"line":36,"column":0},"end":{"line":36,"column":45}},"36":{"start":{"line":37,"column":0},"end":{"line":37,"column":43}},"37":{"start":{"line":38,"column":0},"end":{"line":38,"column":53}},"38":{"start":{"line":39,"column":0},"end":{"line":39,"column":32}},"39":{"start":{"line":40,"column":0},"end":{"line":40,"column":9}},"40":{"start":{"line":41,"column":0},"end":{"line":41,"column":3}},"41":{"start":{"line":42,"column":0},"end":{"line":42,"column":3}},"42":{"start":{"line":43,"column":0},"end":{"line":43,"column":0}},"43":{"start":{"line":44,"column":0},"end":{"line":44,"column":77}}},"s":{"0":1,"1":1,"2":1,"3":1,"4":1,"5":1,"6":1,"7":1,"8":1,"9":1,"10":1,"11":1,"12":1,"13":1,"14":1,"15":1,"16":1,"17":1,"18":1,"19":1,"20":1,"21":1,"22":1,"23":1,"24":1,"25":1,"26":1,"27":1,"28":1,"29":1,"30":1,"31":2,"32":1,"33":1,"34":1,"35":1,"36":1,"37":1,"38":1,"39":1,"40":1,"41":1,"42":1,"43":1},"branchMap":{"0":{"type":"branch","line":29,"loc":{"start":{"line":29,"column":15},"end":{"line":41,"column":3}},"locations":[{"start":{"line":29,"column":15},"end":{"line":41,"column":3}}]},"1":{"type":"branch","line":31,"loc":{"start":{"line":31,"column":33},"end":{"line":33,"column":7}},"locations":[{"start":{"line":31,"column":33},"end":{"line":33,"column":7}}]},"2":{"type":"branch","line":34,"loc":{"start":{"line":34,"column":34},"end":{"line":34,"column":53}},"locations":[{"start":{"line":34,"column":34},"end":{"line":34,"column":53}}]},"3":{"type":"branch","line":35,"loc":{"start":{"line":35,"column":35},"end":{"line":40,"column":7}},"locations":[{"start":{"line":35,"column":35},"end":{"line":40,"column":7}}]}},"b":{"0":[1],"1":[2],"2":[1],"3":[1]},"fnMap":{"0":{"name":"feedStateSelector","decl":{"start":{"line":26,"column":23},"end":{"line":26,"column":40}},"loc":{"start":{"line":26,"column":23},"end":{"line":26,"column":40}},"line":26},"1":{"name":"feedOrdersSelector","decl":{"start":{"line":27,"column":24},"end":{"line":27,"column":47}},"loc":{"start":{"line":27,"column":24},"end":{"line":27,"column":47}},"line":27},"2":{"name":"extraReducers","decl":{"start":{"line":29,"column":15},"end":{"line":41,"column":3}},"loc":{"start":{"line":29,"column":15},"end":{"line":41,"column":3}},"line":29}},"f":{"0":0,"1":0,"2":1}}
,"C:\\Users\\qwint\\Dev Yandex\\stellar-burgers\\src\\services\\ingridientsSlice.ts": {"path":"C:\\Users\\qwint\\Dev Yandex\\stellar-burgers\\src\\services\\ingridientsSlice.ts","all":false,"statementMap":{"0":{"start":{"line":1,"column":0},"end":{"line":1,"column":65}},"1":{"start":{"line":2,"column":0},"end":{"line":2,"column":67}},"2":{"start":{"line":3,"column":0},"end":{"line":3,"column":41}},"3":{"start":{"line":4,"column":0},"end":{"line":4,"column":0}},"4":{"start":{"line":5,"column":0},"end":{"line":5,"column":32}},"5":{"start":{"line":6,"column":0},"end":{"line":6,"column":29}},"6":{"start":{"line":7,"column":0},"end":{"line":7,"column":19}},"7":{"start":{"line":8,"column":0},"end":{"line":8,"column":2}},"8":{"start":{"line":9,"column":0},"end":{"line":9,"column":0}},"9":{"start":{"line":10,"column":0},"end":{"line":10,"column":40}},"10":{"start":{"line":11,"column":0},"end":{"line":11,"column":18}},"11":{"start":{"line":12,"column":0},"end":{"line":12,"column":16}},"12":{"start":{"line":13,"column":0},"end":{"line":13,"column":2}},"13":{"start":{"line":14,"column":0},"end":{"line":14,"column":0}},"14":{"start":{"line":15,"column":0},"end":{"line":15,"column":47}},"15":{"start":{"line":16,"column":0},"end":{"line":16,"column":31}},"16":{"start":{"line":17,"column":0},"end":{"line":17,"column":19}},"17":{"start":{"line":18,"column":0},"end":{"line":18,"column":2}},"18":{"start":{"line":19,"column":0},"end":{"line":19,"column":0}},"19":{"start":{"line":20,"column":0},"end":{"line":20,"column":45}},"20":{"start":{"line":21,"column":0},"end":{"line":21,"column":22}},"21":{"start":{"line":22,"column":0},"end":{"line":22,"column":15}},"22":{"start":{"line":23,"column":0},"end":{"line":23,"column":15}},"23":{"start":{"line":24,"column":0},"end":{"line":24,"column":14}},"24":{"start":{"line":25,"column":0},"end":{"line":25,"column":74}},"25":{"start":{"line":26,"column":0},"end":{"line":26,"column":71}},"26":{"start":{"line":27,"column":0},"end":{"line":27,"column":4}},"27":{"start":{"line":28,"column":0},"end":{"line":28,"column":31}},"28":{"start":{"line":29,"column":0},"end":{"line":29,"column":11}},"29":{"start":{"line":30,"column":0},"end":{"line":30,"column":51}},"30":{"start":{"line":31,"column":0},"end":{"line":31,"column":29}},"31":{"start":{"line":32,"column":0},"end":{"line":32,"column":8}},"32":{"start":{"line":33,"column":0},"end":{"line":33,"column":61}},"33":{"start":{"line":34,"column":0},"end":{"line":34,"column":30}},"34":{"start":{"line":35,"column":0},"end":{"line":35,"column":43}},"35":{"start":{"line":36,"column":0},"end":{"line":36,"column":8}},"36":{"start":{"line":37,"column":0},"end":{"line":37,"column":60}},"37":{"start":{"line":38,"column":0},"end":{"line":38,"column":3}},"38":{"start":{"line":39,"column":0},"end":{"line":39,"column":3}},"39":{"start":{"line":40,"column":0},"end":{"line":40,"column":0}},"40":{"start":{"line":41,"column":0},"end":{"line":41,"column":65}},"41":{"start":{"line":42,"column":0},"end":{"line":42,"column":29}}},"s":{"0":1,"1":1,"2":1,"3":1,"4":1,"5":1,"6":1,"7":1,"8":1,"9":1,"10":1,"11":1,"12":1,"13":1,"14":1,"15":1,"16":1,"17":1,"18":1,"19":1,"20":1,"21":1,"22":1,"23":1,"24":1,"25":1,"26":1,"27":1,"28":1,"29":1,"30":2,"31":1,"32":1,"33":1,"34":1,"35":1,"36":1,"37":1,"38":1,"39":1,"40":1,"41":1},"branchMap":{"0":{"type":"branch","line":28,"loc":{"start":{"line":28,"column":17},"end":{"line":38,"column":3}},"locations":[{"start":{"line":28,"column":17},"end":{"line":38,"column":3}}]},"1":{"type":"branch","line":30,"loc":{"start":{"line":30,"column":39},"end":{"line":32,"column":7}},"locations":[{"start":{"line":30,"column":39},"end":{"line":32,"column":7}}]},"2":{"type":"branch","line":33,"loc":{"start":{"line":33,"column":41},"end":{"line":36,"column":7}},"locations":[{"start":{"line":33,"column":41},"end":{"line":36,"column":7}}]},"3":{"type":"branch","line":37,"loc":{"start":{"line":37,"column":40},"end":{"line":37,"column":59}},"locations":[{"start":{"line":37,"column":40},"end":{"line":37,"column":59}}]}},"b":{"0":[1],"1":[2],"2":[1],"3":[1]},"fnMap":{"0":{"name":"ingredientsStatusSelector","decl":{"start":{"line":25,"column":31},"end":{"line":25,"column":74}},"loc":{"start":{"line":25,"column":31},"end":{"line":25,"column":74}},"line":25},"1":{"name":"ingredientsSelector","decl":{"start":{"line":26,"column":25},"end":{"line":26,"column":71}},"loc":{"start":{"line":26,"column":25},"end":{"line":26,"column":71}},"line":26},"2":{"name":"extraReducers","decl":{"start":{"line":28,"column":17},"end":{"line":38,"column":3}},"loc":{"start":{"line":28,"column":17},"end":{"line":38,"column":3}},"line":28}},"f":{"0":0,"1":0,"2":1}}
,"C:\\Users\\qwint\\Dev Yandex\\stellar-burgers\\src\\services\\ordersSlice.ts": {"path":"C:\\Users\\qwint\\Dev Yandex\\stellar-burgers\\src\\services\\ordersSlice.ts","all":false,"statementMap":{"0":{"start":{"line":1,"column":0},"end":{"line":1,"column":73}},"1":{"start":{"line":2,"column":0},"end":{"line":2,"column":65}},"2":{"start":{"line":3,"column":0},"end":{"line":3,"column":38}},"3":{"start":{"line":4,"column":0},"end":{"line":4,"column":0}},"4":{"start":{"line":5,"column":0},"end":{"line":5,"column":44}},"5":{"start":{"line":6,"column":0},"end":{"line":6,"column":27}},"6":{"start":{"line":7,"column":0},"end":{"line":7,"column":16}},"7":{"start":{"line":8,"column":0},"end":{"line":8,"column":2}},"8":{"start":{"line":9,"column":0},"end":{"line":9,"column":0}},"9":{"start":{"line":10,"column":0},"end":{"line":10,"column":80}},"10":{"start":{"line":11,"column":0},"end":{"line":11,"column":0}},"11":{"start":{"line":12,"column":0},"end":{"line":12,"column":76}},"12":{"start":{"line":13,"column":0},"end":{"line":13,"column":0}},"13":{"start":{"line":14,"column":0},"end":{"line":14,"column":27}},"14":{"start":{"line":15,"column":0},"end":{"line":15,"column":26}},"15":{"start":{"line":16,"column":0},"end":{"line":16,"column":31}},"16":{"start":{"line":17,"column":0},"end":{"line":17,"column":30}},"17":{"start":{"line":18,"column":0},"end":{"line":18,"column":35}},"18":{"start":{"line":19,"column":0},"end":{"line":19,"column":30}},"19":{"start":{"line":20,"column":0},"end":{"line":20,"column":29}},"20":{"start":{"line":21,"column":0},"end":{"line":21,"column":2}},"21":{"start":{"line":22,"column":0},"end":{"line":22,"column":0}},"22":{"start":{"line":23,"column":0},"end":{"line":23,"column":35}},"23":{"start":{"line":24,"column":0},"end":{"line":24,"column":15}},"24":{"start":{"line":25,"column":0},"end":{"line":25,"column":29}},"25":{"start":{"line":26,"column":0},"end":{"line":26,"column":28}},"26":{"start":{"line":27,"column":0},"end":{"line":27,"column":26}},"27":{"start":{"line":28,"column":0},"end":{"line":28,"column":21}},"28":{"start":{"line":29,"column":0},"end":{"line":29,"column":19}},"29":{"start":{"line":30,"column":0},"end":{"line":30,"column":2}},"30":{"start":{"line":31,"column":0},"end":{"line":31,"column":0}},"31":{"start":{"line":32,"column":0},"end":{"line":32,"column":40}},"32":{"start":{"line":33,"column":0},"end":{"line":33,"column":17}},"33":{"start":{"line":34,"column":0},"end":{"line":34,"column":15}},"34":{"start":{"line":35,"column":0},"end":{"line":35,"column":13}},"35":{"start":{"line":36,"column":0},"end":{"line":36,"column":34}},"36":{"start":{"line":37,"column":0},"end":{"line":37,"column":4}},"37":{"start":{"line":38,"column":0},"end":{"line":38,"column":14}},"38":{"start":{"line":39,"column":0},"end":{"line":39,"column":70}},"39":{"start":{"line":40,"column":0},"end":{"line":40,"column":68}},"40":{"start":{"line":41,"column":0},"end":{"line":41,"column":56}},"41":{"start":{"line":42,"column":0},"end":{"line":42,"column":54}},"42":{"start":{"line":43,"column":0},"end":{"line":43,"column":46}},"43":{"start":{"line":44,"column":0},"end":{"line":44,"column":4}},"44":{"start":{"line":45,"column":0},"end":{"line":45,"column":26}},"45":{"start":{"line":46,"column":0},"end":{"line":46,"column":11}},"46":{"start":{"line":47,"column":0},"end":{"line":47,"column":48}},"47":{"start":{"line":48,"column":0},"end":{"line":48,"column":41}},"48":{"start":{"line":49,"column":0},"end":{"line":49,"column":8}},"49":{"start":{"line":50,"column":0},"end":{"line":50,"column":57}},"50":{"start":{"line":51,"column":0},"end":{"line":51,"column":50}},"51":{"start":{"line":52,"column":0},"end":{"line":52,"column":42}},"52":{"start":{"line":53,"column":0},"end":{"line":53,"column":8}},"53":{"start":{"line":54,"column":0},"end":{"line":54,"column":58}},"54":{"start":{"line":55,"column":0},"end":{"line":55,"column":39}},"55":{"start":{"line":56,"column":0},"end":{"line":56,"column":50}},"56":{"start":{"line":57,"column":0},"end":{"line":57,"column":42}},"57":{"start":{"line":58,"column":0},"end":{"line":58,"column":0}},"58":{"start":{"line":59,"column":0},"end":{"line":59,"column":36}},"59":{"start":{"line":60,"column":0},"end":{"line":60,"column":65}},"60":{"start":{"line":61,"column":0},"end":{"line":61,"column":16}},"61":{"start":{"line":62,"column":0},"end":{"line":62,"column":48}},"62":{"start":{"line":63,"column":0},"end":{"line":63,"column":9}},"63":{"start":{"line":64,"column":0},"end":{"line":64,"column":8}},"64":{"start":{"line":65,"column":0},"end":{"line":65,"column":53}},"65":{"start":{"line":66,"column":0},"end":{"line":66,"column":40}},"66":{"start":{"line":67,"column":0},"end":{"line":67,"column":8}},"67":{"start":{"line":68,"column":0},"end":{"line":68,"column":54}},"68":{"start":{"line":69,"column":0},"end":{"line":69,"column":50}},"69":{"start":{"line":70,"column":0},"end":{"line":70,"column":8}},"70":{"start":{"line":71,"column":0},"end":{"line":71,"column":55}},"71":{"start":{"line":72,"column":0},"end":{"line":72,"column":53}},"72":{"start":{"line":73,"column":0},"end":{"line":73,"column":41}},"73":{"start":{"line":74,"column":0},"end":{"line":74,"column":8}},"74":{"start":{"line":75,"column":0},"end":{"line":75,"column":46}},"75":{"start":{"line":76,"column":0},"end":{"line":76,"column":41}},"76":{"start":{"line":77,"column":0},"end":{"line":77,"column":8}},"77":{"start":{"line":78,"column":0},"end":{"line":78,"column":55}},"78":{"start":{"line":79,"column":0},"end":{"line":79,"column":50}},"79":{"start":{"line":80,"column":0},"end":{"line":80,"column":8}},"80":{"start":{"line":81,"column":0},"end":{"line":81,"column":56}},"81":{"start":{"line":82,"column":0},"end":{"line":82,"column":36}},"82":{"start":{"line":83,"column":0},"end":{"line":83,"column":40}},"83":{"start":{"line":84,"column":0},"end":{"line":84,"column":16}},"84":{"start":{"line":85,"column":0},"end":{"line":85,"column":40}},"85":{"start":{"line":86,"column":0},"end":{"line":86,"column":9}},"86":{"start":{"line":87,"column":0},"end":{"line":87,"column":9}},"87":{"start":{"line":88,"column":0},"end":{"line":88,"column":3}},"88":{"start":{"line":89,"column":0},"end":{"line":89,"column":3}},"89":{"start":{"line":90,"column":0},"end":{"line":90,"column":0}},"90":{"start":{"line":91,"column":0},"end":{"line":91,"column":14}},"91":{"start":{"line":92,"column":0},"end":{"line":92,"column":29}},"92":{"start":{"line":93,"column":0},"end":{"line":93,"column":30}},"93":{"start":{"line":94,"column":0},"end":{"line":94,"column":23}},"94":{"start":{"line":95,"column":0},"end":{"line":95,"column":20}},"95":{"start":{"line":96,"column":0},"end":{"line":96,"column":21}},"96":{"start":{"line":97,"column":0},"end":{"line":97,"column":26}},"97":{"start":{"line":98,"column":0},"end":{"line":98,"column":0}},"98":{"start":{"line":99,"column":0},"end":{"line":99,"column":50}}},"s":{"0":1,"1":1,"2":1,"3":1,"4":1,"5":1,"6":1,"7":1,"8":1,"9":1,"10":1,"11":1,"12":1,"13":1,"14":1,"15":1,"16":1,"17":1,"18":1,"19":1,"20":1,"21":1,"22":1,"23":1,"24":1,"25":1,"26":1,"27":1,"28":1,"29":1,"30":1,"31":1,"32":1,"33":1,"34":1,"35":1,"36":1,"37":1,"38":1,"39":1,"40":1,"41":1,"42":1,"43":1,"44":1,"45":1,"46":1,"47":2,"48":1,"49":1,"50":0,"51":0,"52":1,"53":1,"54":2,"55":2,"56":2,"57":2,"58":2,"59":0,"60":2,"61":2,"62":2,"63":1,"64":1,"65":1,"66":1,"67":1,"68":0,"69":1,"70":1,"71":1,"72":1,"73":1,"74":1,"75":1,"76":1,"77":1,"78":0,"79":1,"80":1,"81":1,"82":0,"83":1,"84":1,"85":1,"86":1,"87":1,"88":1,"89":1,"90":1,"91":1,"92":1,"93":1,"94":1,"95":1,"96":1,"97":1,"98":1},"branchMap":{"0":{"type":"branch","line":36,"loc":{"start":{"line":36,"column":16},"end":{"line":36,"column":34}},"locations":[{"start":{"line":36,"column":16},"end":{"line":36,"column":34}}]},"1":{"type":"branch","line":45,"loc":{"start":{"line":45,"column":15},"end":{"line":88,"column":3}},"locations":[{"start":{"line":45,"column":15},"end":{"line":88,"column":3}}]},"2":{"type":"branch","line":47,"loc":{"start":{"line":47,"column":36},"end":{"line":49,"column":7}},"locations":[{"start":{"line":47,"column":36},"end":{"line":49,"column":7}}]},"3":{"type":"branch","line":54,"loc":{"start":{"line":54,"column":38},"end":{"line":64,"column":7}},"locations":[{"start":{"line":54,"column":38},"end":{"line":64,"column":7}}]},"4":{"type":"branch","line":59,"loc":{"start":{"line":59,"column":35},"end":{"line":61,"column":9}},"locations":[{"start":{"line":59,"column":35},"end":{"line":61,"column":9}}]},"5":{"type":"branch","line":65,"loc":{"start":{"line":65,"column":33},"end":{"line":67,"column":7}},"locations":[{"start":{"line":65,"column":33},"end":{"line":67,"column":7}}]},"6":{"type":"branch","line":71,"loc":{"start":{"line":71,"column":35},"end":{"line":74,"column":7}},"locations":[{"start":{"line":71,"column":35},"end":{"line":74,"column":7}}]},"7":{"type":"branch","line":75,"loc":{"start":{"line":75,"column":34},"end":{"line":77,"column":7}},"locations":[{"start":{"line":75,"column":34},"end":{"line":77,"column":7}}]},"8":{"type":"branch","line":81,"loc":{"start":{"line":81,"column":36},"end":{"line":87,"column":7}},"locations":[{"start":{"line":81,"column":36},"end":{"line":87,"column":7}}]},"9":{"type":"branch","line":82,"loc":{"start":{"line":82,"column":35},"end":{"line":84,"column":9}},"locations":[{"start":{"line":82,"column":35},"end":{"line":84,"column":9}}]}},"b":{"0":[1],"1":[1],"2":[2],"3":[2],"4":[0],"5":[1],"6":[1],"7":[1],"8":[1],"9":[0]},"fnMap":{"0":{"name":"resetOrder","decl":{"start":{"line":36,"column":16},"end":{"line":36,"column":34}},"loc":{"start":{"line":36,"column":16},"end":{"line":36,"column":34}},"line":36},"1":{"name":"currentOrderRequestSelector","decl":{"start":{"line":39,"column":33},"end":{"line":39,"column":70}},"loc":{"start":{"line":39,"column":33},"end":{"line":39,"column":70}},"line":39},"2":{"name":"openedOrderRequestSelector","decl":{"start":{"line":40,"column":32},"end":{"line":40,"column":68}},"loc":{"start":{"line":40,"column":32},"end":{"line":40,"column":68}},"line":40},"3":{"name":"currentOrderSelector","decl":{"start":{"line":41,"column":26},"end":{"line":41,"column":56}},"loc":{"start":{"line":41,"column":26},"end":{"line":41,"column":56}},"line":41},"4":{"name":"openedOrderselector","decl":{"start":{"line":42,"column":25},"end":{"line":42,"column":54}},"loc":{"start":{"line":42,"column":25},"end":{"line":42,"column":54}},"line":42},"5":{"name":"getOrdersSelector","decl":{"start":{"line":43,"column":23},"end":{"line":43,"column":46}},"loc":{"start":{"line":43,"column":23},"end":{"line":43,"column":46}},"line":43},"6":{"name":"extraReducers","decl":{"start":{"line":45,"column":15},"end":{"line":88,"column":3}},"loc":{"start":{"line":45,"column":15},"end":{"line":88,"column":3}},"line":45}},"f":{"0":1,"1":0,"2":0,"3":0,"4":0,"5":0,"6":1}}
,"C:\\Users\\qwint\\Dev Yandex\\stellar-burgers\\src\\services\\store.ts": {"path":"C:\\Users\\qwint\\Dev Yandex\\stellar-burgers\\src\\services\\store.ts","all":false,"statementMap":{"0":{"start":{"line":1,"column":0},"end":{"line":1,"column":67}},"1":{"start":{"line":2,"column":0},"end":{"line":2,"column":0}},"2":{"start":{"line":3,"column":0},"end":{"line":3,"column":8}},"3":{"start":{"line":4,"column":0},"end":{"line":4,"column":23}},"4":{"start":{"line":5,"column":0},"end":{"line":5,"column":30}},"5":{"start":{"line":6,"column":0},"end":{"line":6,"column":29}},"6":{"start":{"line":7,"column":0},"end":{"line":7,"column":21}},"7":{"start":{"line":8,"column":0},"end":{"line":8,"column":40}},"8":{"start":{"line":9,"column":0},"end":{"line":9,"column":54}},"9":{"start":{"line":10,"column":0},"end":{"line":10,"column":44}},"10":{"start":{"line":11,"column":0},"end":{"line":11,"column":54}},"11":{"start":{"line":12,"column":0},"end":{"line":12,"column":40}},"12":{"start":{"line":13,"column":0},"end":{"line":13,"column":0}},"13":{"start":{"line":14,"column":0},"end":{"line":14,"column":44}},"14":{"start":{"line":15,"column":0},"end":{"line":15,"column":38}},"15":{"start":{"line":16,"column":0},"end":{"line":16,"column":52}},"16":{"start":{"line":17,"column":0},"end":{"line":17,"column":42}},"17":{"start":{"line":18,"column":0},"end":{"line":18,"column":52}},"18":{"start":{"line":19,"column":0},"end":{"line":19,"column":37}},"19":{"start":{"line":20,"column":0},"end":{"line":20,"column":3}},"20":{"start":{"line":21,"column":0},"end":{"line":21,"column":0}},"21":{"start":{"line":22,"column":0},"end":{"line":22,"column":30}},"22":{"start":{"line":23,"column":0},"end":{"line":23,"column":23}},"23":{"start":{"line":24,"column":0},"end":{"line":24,"column":49}},"24":{"start":{"line":25,"column":0},"end":{"line":25,"column":3}},"25":{"start":{"line":26,"column":0},"end":{"line":26,"column":0}},"26":{"start":{"line":27,"column":0},"end":{"line":27,"column":55}},"27":{"start":{"line":28,"column":0},"end":{"line":28,"column":0}},"28":{"start":{"line":29,"column":0},"end":{"line":29,"column":48}},"29":{"start":{"line":30,"column":0},"end":{"line":30,"column":0}},"30":{"start":{"line":31,"column":0},"end":{"line":31,"column":67}},"31":{"start":{"line":32,"column":0},"end":{"line":32,"column":73}},"32":{"start":{"line":33,"column":0},"end":{"line":33,"column":0}},"33":{"start":{"line":34,"column":0},"end":{"line":34,"column":21}}},"s":{"0":1,"1":1,"2":1,"3":1,"4":1,"5":1,"6":1,"7":1,"8":1,"9":1,"10":1,"11":1,"12":1,"13":1,"14":1,"15":1,"16":1,"17":1,"18":1,"19":1,"20":1,"21":1,"22":1,"23":1,"24":1,"25":1,"26":1,"27":1,"28":1,"29":1,"30":1,"31":1,"32":1,"33":1},"branchMap":{},"b":{},"fnMap":{"0":{"name":"useDispatch","decl":{"start":{"line":31,"column":46},"end":{"line":31,"column":67}},"loc":{"start":{"line":31,"column":46},"end":{"line":31,"column":67}},"line":31}},"f":{"0":0}}
,"C:\\Users\\qwint\\Dev Yandex\\stellar-burgers\\src\\services\\userSlice.ts": {"path":"C:\\Users\\qwint\\Dev Yandex\\stellar-burgers\\src\\services\\userSlice.ts","all":false,"statementMap":{"0":{"start":{"line":1,"column":0},"end":{"line":1,"column":8}},"1":{"start":{"line":2,"column":0},"end":{"line":2,"column":13}},"2":{"start":{"line":3,"column":0},"end":{"line":3,"column":15}},"3":{"start":{"line":4,"column":0},"end":{"line":4,"column":12}},"4":{"start":{"line":5,"column":0},"end":{"line":5,"column":15}},"5":{"start":{"line":6,"column":0},"end":{"line":6,"column":18}},"6":{"start":{"line":7,"column":0},"end":{"line":7,"column":16}},"7":{"start":{"line":8,"column":0},"end":{"line":8,"column":15}},"8":{"start":{"line":9,"column":0},"end":{"line":9,"column":14}},"9":{"start":{"line":10,"column":0},"end":{"line":10,"column":75}},"10":{"start":{"line":11,"column":0},"end":{"line":11,"column":37}},"11":{"start":{"line":12,"column":0},"end":{"line":12,"column":69}},"12":{"start":{"line":13,"column":0},"end":{"line":13,"column":32}},"13":{"start":{"line":14,"column":0},"end":{"line":14,"column":0}},"14":{"start":{"line":15,"column":0},"end":{"line":15,"column":75}},"15":{"start":{"line":16,"column":0},"end":{"line":16,"column":66}},"16":{"start":{"line":17,"column":0},"end":{"line":17,"column":68}},"17":{"start":{"line":18,"column":0},"end":{"line":18,"column":47}},"18":{"start":{"line":19,"column":0},"end":{"line":19,"column":24}},"19":{"start":{"line":20,"column":0},"end":{"line":20,"column":15}},"20":{"start":{"line":21,"column":0},"end":{"line":21,"column":2}},"21":{"start":{"line":22,"column":0},"end":{"line":22,"column":66}},"22":{"start":{"line":23,"column":0},"end":{"line":23,"column":0}},"23":{"start":{"line":24,"column":0},"end":{"line":24,"column":26}},"24":{"start":{"line":25,"column":0},"end":{"line":25,"column":25}},"25":{"start":{"line":26,"column":0},"end":{"line":26,"column":37}},"26":{"start":{"line":27,"column":0},"end":{"line":27,"column":28}},"27":{"start":{"line":28,"column":0},"end":{"line":28,"column":14}},"28":{"start":{"line":29,"column":0},"end":{"line":29,"column":2}},"29":{"start":{"line":30,"column":0},"end":{"line":30,"column":0}},"30":{"start":{"line":31,"column":0},"end":{"line":31,"column":34}},"31":{"start":{"line":32,"column":0},"end":{"line":32,"column":23}},"32":{"start":{"line":33,"column":0},"end":{"line":33,"column":21}},"33":{"start":{"line":34,"column":0},"end":{"line":34,"column":26}},"34":{"start":{"line":35,"column":0},"end":{"line":35,"column":9}},"35":{"start":{"line":36,"column":0},"end":{"line":36,"column":14}},"36":{"start":{"line":37,"column":0},"end":{"line":37,"column":12}},"37":{"start":{"line":38,"column":0},"end":{"line":38,"column":3}},"38":{"start":{"line":39,"column":0},"end":{"line":39,"column":2}},"39":{"start":{"line":40,"column":0},"end":{"line":40,"column":0}},"40":{"start":{"line":41,"column":0},"end":{"line":41,"column":38}},"41":{"start":{"line":42,"column":0},"end":{"line":42,"column":15}},"42":{"start":{"line":43,"column":0},"end":{"line":43,"column":15}},"43":{"start":{"line":44,"column":0},"end":{"line":44,"column":15}},"44":{"start":{"line":45,"column":0},"end":{"line":45,"column":14}},"45":{"start":{"line":46,"column":0},"end":{"line":46,"column":58}},"46":{"start":{"line":47,"column":0},"end":{"line":47,"column":54}},"47":{"start":{"line":48,"column":0},"end":{"line":48,"column":58}},"48":{"start":{"line":49,"column":0},"end":{"line":49,"column":41}},"49":{"start":{"line":50,"column":0},"end":{"line":50,"column":4}},"50":{"start":{"line":51,"column":0},"end":{"line":51,"column":31}},"51":{"start":{"line":52,"column":0},"end":{"line":52,"column":11}},"52":{"start":{"line":53,"column":0},"end":{"line":53,"column":45}},"53":{"start":{"line":54,"column":0},"end":{"line":54,"column":38}},"54":{"start":{"line":55,"column":0},"end":{"line":55,"column":34}},"55":{"start":{"line":56,"column":0},"end":{"line":56,"column":8}},"56":{"start":{"line":57,"column":0},"end":{"line":57,"column":54}},"57":{"start":{"line":58,"column":0},"end":{"line":58,"column":39}},"58":{"start":{"line":59,"column":0},"end":{"line":59,"column":52}},"59":{"start":{"line":60,"column":0},"end":{"line":60,"column":35}},"60":{"start":{"line":61,"column":0},"end":{"line":61,"column":8}},"61":{"start":{"line":62,"column":0},"end":{"line":62,"column":55}},"62":{"start":{"line":63,"column":0},"end":{"line":63,"column":39}},"63":{"start":{"line":64,"column":0},"end":{"line":64,"column":35}},"64":{"start":{"line":65,"column":0},"end":{"line":65,"column":41}},"65":{"start":{"line":66,"column":0},"end":{"line":66,"column":0}},"66":{"start":{"line":67,"column":0},"end":{"line":67,"column":61}},"67":{"start":{"line":68,"column":0},"end":{"line":68,"column":63}},"68":{"start":{"line":69,"column":0},"end":{"line":69,"column":9}},"69":{"start":{"line":70,"column":0},"end":{"line":70,"column":0}},"70":{"start":{"line":71,"column":0},"end":{"line":71,"column":11}},"71":{"start":{"line":72,"column":0},"end":{"line":72,"column":42}},"72":{"start":{"line":73,"column":0},"end":{"line":73,"column":38}},"73":{"start":{"line":74,"column":0},"end":{"line":74,"column":36}},"74":{"start":{"line":75,"column":0},"end":{"line":75,"column":34}},"75":{"start":{"line":76,"column":0},"end":{"line":76,"column":8}},"76":{"start":{"line":77,"column":0},"end":{"line":77,"column":51}},"77":{"start":{"line":78,"column":0},"end":{"line":78,"column":36}},"78":{"start":{"line":79,"column":0},"end":{"line":79,"column":52}},"79":{"start":{"line":80,"column":0},"end":{"line":80,"column":8}},"80":{"start":{"line":81,"column":0},"end":{"line":81,"column":52}},"81":{"start":{"line":82,"column":0},"end":{"line":82,"column":35}},"82":{"start":{"line":83,"column":0},"end":{"line":83,"column":34}},"83":{"start":{"line":84,"column":0},"end":{"line":84,"column":41}},"84":{"start":{"line":85,"column":0},"end":{"line":85,"column":0}},"85":{"start":{"line":86,"column":0},"end":{"line":86,"column":61}},"86":{"start":{"line":87,"column":0},"end":{"line":87,"column":63}},"87":{"start":{"line":88,"column":0},"end":{"line":88,"column":9}},"88":{"start":{"line":89,"column":0},"end":{"line":89,"column":0}},"89":{"start":{"line":90,"column":0},"end":{"line":90,"column":11}},"90":{"start":{"line":91,"column":0},"end":{"line":91,"column":53}},"91":{"start":{"line":92,"column":0},"end":{"line":92,"column":36}},"92":{"start":{"line":93,"column":0},"end":{"line":93,"column":52}},"93":{"start":{"line":94,"column":0},"end":{"line":94,"column":8}},"94":{"start":{"line":95,"column":0},"end":{"line":95,"column":54}},"95":{"start":{"line":96,"column":0},"end":{"line":96,"column":35}},"96":{"start":{"line":97,"column":0},"end":{"line":97,"column":41}},"97":{"start":{"line":98,"column":0},"end":{"line":98,"column":9}},"98":{"start":{"line":99,"column":0},"end":{"line":99,"column":11}},"99":{"start":{"line":100,"column":0},"end":{"line":100,"column":51}},"100":{"start":{"line":101,"column":0},"end":{"line":101,"column":34}},"101":{"start":{"line":102,"column":0},"end":{"line":102,"column":8}},"102":{"start":{"line":103,"column":0},"end":{"line":103,"column":60}},"103":{"start":{"line":104,"column":0},"end":{"line":104,"column":52}},"104":{"start":{"line":105,"column":0},"end":{"line":105,"column":8}},"105":{"start":{"line":106,"column":0},"end":{"line":106,"column":61}},"106":{"start":{"line":107,"column":0},"end":{"line":107,"column":41}},"107":{"start":{"line":108,"column":0},"end":{"line":108,"column":9}},"108":{"start":{"line":109,"column":0},"end":{"line":109,"column":3}},"109":{"start":{"line":110,"column":0},"end":{"line":110,"column":3}},"110":{"start":{"line":111,"column":0},"end":{"line":111,"column":0}},"111":{"start":{"line":112,"column":0},"end":{"line":112,"column":14}},"112":{"start":{"line":113,"column":0},"end":{"line":113,"column":24}},"113":{"start":{"line":114,"column":0},"end":{"line":114,"column":19}},"114":{"start":{"line":115,"column":0},"end":{"line":115,"column":21}},"115":{"start":{"line":116,"column":0},"end":{"line":116,"column":16}},"116":{"start":{"line":117,"column":0},"end":{"line":117,"column":24}}},"s":{"0":1,"1":1,"2":1,"3":1,"4":1,"5":1,"6":1,"7":1,"8":1,"9":1,"10":1,"11":1,"12":1,"13":1,"14":1,"15":1,"16":1,"17":1,"18":1,"19":1,"20":1,"21":1,"22":1,"23":1,"24":1,"25":1,"26":1,"27":1,"28":1,"29":1,"30":1,"31":1,"32":1,"33":1,"34":1,"35":1,"36":1,"37":1,"38":1,"39":1,"40":1,"41":1,"42":1,"43":1,"44":1,"45":1,"46":1,"47":1,"48":1,"49":1,"50":1,"51":1,"52":1,"53":1,"54":1,"55":1,"56":1,"57":0,"58":0,"59":0,"60":1,"61":1,"62":1,"63":1,"64":1,"65":1,"66":1,"67":1,"68":1,"69":1,"70":1,"71":1,"72":1,"73":1,"74":1,"75":1,"76":1,"77":0,"78":0,"79":1,"80":1,"81":1,"82":1,"83":1,"84":1,"85":1,"86":1,"87":1,"88":1,"89":1,"90":1,"91":0,"92":0,"93":1,"94":1,"95":1,"96":1,"97":1,"98":1,"99":1,"100":1,"101":1,"102":1,"103":0,"104":1,"105":1,"106":1,"107":1,"108":1,"109":1,"110":1,"111":1,"112":1,"113":1,"114":1,"115":1,"116":1},"branchMap":{"0":{"type":"branch","line":51,"loc":{"start":{"line":51,"column":17},"end":{"line":109,"column":3}},"locations":[{"start":{"line":51,"column":17},"end":{"line":109,"column":3}}]},"1":{"type":"branch","line":53,"loc":{"start":{"line":53,"column":33},"end":{"line":56,"column":7}},"locations":[{"start":{"line":53,"column":33},"end":{"line":56,"column":7}}]},"2":{"type":"branch","line":62,"loc":{"start":{"line":62,"column":35},"end":{"line":69,"column":7}},"locations":[{"start":{"line":62,"column":35},"end":{"line":69,"column":7}}]},"3":{"type":"branch","line":72,"loc":{"start":{"line":72,"column":30},"end":{"line":76,"column":7}},"locations":[{"start":{"line":72,"column":30},"end":{"line":76,"column":7}}]},"4":{"type":"branch","line":81,"loc":{"start":{"line":81,"column":32},"end":{"line":88,"column":7}},"locations":[{"start":{"line":81,"column":32},"end":{"line":88,"column":7}}]},"5":{"type":"branch","line":95,"loc":{"start":{"line":95,"column":34},"end":{"line":98,"column":7}},"locations":[{"start":{"line":95,"column":34},"end":{"line":98,"column":7}}]},"6":{"type":"branch","line":100,"loc":{"start":{"line":100,"column":39},"end":{"line":102,"column":7}},"locations":[{"start":{"line":100,"column":39},"end":{"line":102,"column":7}}]},"7":{"type":"branch","line":106,"loc":{"start":{"line":106,"column":41},"end":{"line":108,"column":7}},"locations":[{"start":{"line":106,"column":41},"end":{"line":108,"column":7}}]}},"b":{"0":[1],"1":[1],"2":[1],"3":[1],"4":[1],"5":[1],"6":[1],"7":[1]},"fnMap":{"0":{"name":"isAuthCheckedSelector","decl":{"start":{"line":46,"column":27},"end":{"line":46,"column":58}},"loc":{"start":{"line":46,"column":27},"end":{"line":46,"column":58}},"line":46},"1":{"name":"isLoginUserError","decl":{"start":{"line":47,"column":22},"end":{"line":47,"column":54}},"loc":{"start":{"line":47,"column":22},"end":{"line":47,"column":54}},"line":47},"2":{"name":"isLoginUserRequest","decl":{"start":{"line":48,"column":24},"end":{"line":48,"column":58}},"loc":{"start":{"line":48,"column":24},"end":{"line":48,"column":58}},"line":48},"3":{"name":"isUserSelector","decl":{"start":{"line":49,"column":20},"end":{"line":49,"column":41}},"loc":{"start":{"line":49,"column":20},"end":{"line":49,"column":41}},"line":49},"4":{"name":"extraReducers","decl":{"start":{"line":51,"column":17},"end":{"line":109,"column":3}},"loc":{"start":{"line":51,"column":17},"end":{"line":109,"column":3}},"line":51}},"f":{"0":0,"1":0,"2":0,"3":0,"4":1}}
,"C:\\Users\\qwint\\Dev Yandex\\stellar-burgers\\src\\utils\\burger-api.ts": {"path":"C:\\Users\\qwint\\Dev Yandex\\stellar-burgers\\src\\utils\\burger-api.ts","all":false,"statementMap":{"0":{"start":{"line":1,"column":0},"end":{"line":1,"column":48}},"1":{"start":{"line":2,"column":0},"end":{"line":2,"column":66}},"2":{"start":{"line":3,"column":0},"end":{"line":3,"column":0}},"3":{"start":{"line":4,"column":0},"end":{"line":4,"column":39}},"4":{"start":{"line":5,"column":0},"end":{"line":5,"column":0}},"5":{"start":{"line":6,"column":0},"end":{"line":6,"column":55}},"6":{"start":{"line":7,"column":0},"end":{"line":7,"column":70}},"7":{"start":{"line":8,"column":0},"end":{"line":8,"column":0}},"8":{"start":{"line":9,"column":0},"end":{"line":9,"column":27}},"9":{"start":{"line":10,"column":0},"end":{"line":10,"column":19}},"10":{"start":{"line":11,"column":0},"end":{"line":11,"column":6}},"11":{"start":{"line":12,"column":0},"end":{"line":12,"column":0}},"12":{"start":{"line":13,"column":0},"end":{"line":13,"column":41}},"13":{"start":{"line":14,"column":0},"end":{"line":14,"column":23}},"14":{"start":{"line":15,"column":0},"end":{"line":15,"column":22}},"15":{"start":{"line":16,"column":0},"end":{"line":16,"column":3}},"16":{"start":{"line":17,"column":0},"end":{"line":17,"column":0}},"17":{"start":{"line":18,"column":0},"end":{"line":18,"column":60}},"18":{"start":{"line":19,"column":0},"end":{"line":19,"column":30}},"19":{"start":{"line":20,"column":0},"end":{"line":20,"column":19}},"20":{"start":{"line":21,"column":0},"end":{"line":21,"column":14}},"21":{"start":{"line":22,"column":0},"end":{"line":22,"column":54}},"22":{"start":{"line":23,"column":0},"end":{"line":23,"column":6}},"23":{"start":{"line":24,"column":0},"end":{"line":24,"column":26}},"24":{"start":{"line":25,"column":0},"end":{"line":25,"column":49}},"25":{"start":{"line":26,"column":0},"end":{"line":26,"column":6}},"26":{"start":{"line":27,"column":0},"end":{"line":27,"column":4}},"27":{"start":{"line":28,"column":0},"end":{"line":28,"column":56}},"28":{"start":{"line":29,"column":0},"end":{"line":29,"column":28}},"29":{"start":{"line":30,"column":0},"end":{"line":30,"column":33}},"30":{"start":{"line":31,"column":0},"end":{"line":31,"column":43}},"31":{"start":{"line":32,"column":0},"end":{"line":32,"column":7}},"32":{"start":{"line":33,"column":0},"end":{"line":33,"column":69}},"33":{"start":{"line":34,"column":0},"end":{"line":34,"column":56}},"34":{"start":{"line":35,"column":0},"end":{"line":35,"column":25}},"35":{"start":{"line":36,"column":0},"end":{"line":36,"column":7}},"36":{"start":{"line":37,"column":0},"end":{"line":37,"column":0}},"37":{"start":{"line":38,"column":0},"end":{"line":38,"column":42}},"38":{"start":{"line":39,"column":0},"end":{"line":39,"column":19}},"39":{"start":{"line":40,"column":0},"end":{"line":40,"column":22}},"40":{"start":{"line":41,"column":0},"end":{"line":41,"column":6}},"41":{"start":{"line":42,"column":0},"end":{"line":42,"column":7}},"42":{"start":{"line":43,"column":0},"end":{"line":43,"column":42}},"43":{"start":{"line":44,"column":0},"end":{"line":44,"column":39}},"44":{"start":{"line":45,"column":0},"end":{"line":45,"column":17}},"45":{"start":{"line":46,"column":0},"end":{"line":46,"column":65}},"46":{"start":{"line":47,"column":0},"end":{"line":47,"column":47}},"47":{"start":{"line":48,"column":0},"end":{"line":48,"column":28}},"48":{"start":{"line":49,"column":0},"end":{"line":49,"column":70}},"49":{"start":{"line":50,"column":0},"end":{"line":50,"column":34}},"50":{"start":{"line":51,"column":0},"end":{"line":51,"column":7}},"51":{"start":{"line":52,"column":0},"end":{"line":52,"column":44}},"52":{"start":{"line":53,"column":0},"end":{"line":53,"column":41}},"53":{"start":{"line":54,"column":0},"end":{"line":54,"column":12}},"54":{"start":{"line":55,"column":0},"end":{"line":55,"column":33}},"55":{"start":{"line":56,"column":0},"end":{"line":56,"column":5}},"56":{"start":{"line":57,"column":0},"end":{"line":57,"column":3}},"57":{"start":{"line":58,"column":0},"end":{"line":58,"column":2}},"58":{"start":{"line":59,"column":0},"end":{"line":59,"column":0}},"59":{"start":{"line":60,"column":0},"end":{"line":60,"column":45}},"60":{"start":{"line":61,"column":0},"end":{"line":61,"column":22}},"61":{"start":{"line":62,"column":0},"end":{"line":62,"column":3}},"62":{"start":{"line":63,"column":0},"end":{"line":63,"column":0}},"63":{"start":{"line":64,"column":0},"end":{"line":64,"column":39}},"64":{"start":{"line":65,"column":0},"end":{"line":65,"column":19}},"65":{"start":{"line":66,"column":0},"end":{"line":66,"column":16}},"66":{"start":{"line":67,"column":0},"end":{"line":67,"column":21}},"67":{"start":{"line":68,"column":0},"end":{"line":68,"column":3}},"68":{"start":{"line":69,"column":0},"end":{"line":69,"column":0}},"69":{"start":{"line":70,"column":0},"end":{"line":70,"column":40}},"70":{"start":{"line":71,"column":0},"end":{"line":71,"column":17}},"71":{"start":{"line":72,"column":0},"end":{"line":72,"column":3}},"72":{"start":{"line":73,"column":0},"end":{"line":73,"column":0}},"73":{"start":{"line":74,"column":0},"end":{"line":74,"column":38}},"74":{"start":{"line":75,"column":0},"end":{"line":75,"column":29}},"75":{"start":{"line":76,"column":0},"end":{"line":76,"column":60}},"76":{"start":{"line":77,"column":0},"end":{"line":77,"column":21}},"77":{"start":{"line":78,"column":0},"end":{"line":78,"column":42}},"78":{"start":{"line":79,"column":0},"end":{"line":79,"column":34}},"79":{"start":{"line":80,"column":0},"end":{"line":80,"column":7}},"80":{"start":{"line":81,"column":0},"end":{"line":81,"column":0}},"81":{"start":{"line":82,"column":0},"end":{"line":82,"column":32}},"82":{"start":{"line":83,"column":0},"end":{"line":83,"column":28}},"83":{"start":{"line":84,"column":0},"end":{"line":84,"column":54}},"84":{"start":{"line":85,"column":0},"end":{"line":85,"column":21}},"85":{"start":{"line":86,"column":0},"end":{"line":86,"column":37}},"86":{"start":{"line":87,"column":0},"end":{"line":87,"column":34}},"87":{"start":{"line":88,"column":0},"end":{"line":88,"column":7}},"88":{"start":{"line":89,"column":0},"end":{"line":89,"column":0}},"89":{"start":{"line":90,"column":0},"end":{"line":90,"column":33}},"90":{"start":{"line":91,"column":0},"end":{"line":91,"column":53}},"91":{"start":{"line":92,"column":0},"end":{"line":92,"column":18}},"92":{"start":{"line":93,"column":0},"end":{"line":93,"column":14}},"93":{"start":{"line":94,"column":0},"end":{"line":94,"column":55}},"94":{"start":{"line":95,"column":0},"end":{"line":95,"column":45}},"95":{"start":{"line":96,"column":0},"end":{"line":96,"column":20}},"96":{"start":{"line":97,"column":0},"end":{"line":97,"column":21}},"97":{"start":{"line":98,"column":0},"end":{"line":98,"column":42}},"98":{"start":{"line":99,"column":0},"end":{"line":99,"column":32}},"99":{"start":{"line":100,"column":0},"end":{"line":100,"column":5}},"100":{"start":{"line":101,"column":0},"end":{"line":101,"column":0}},"101":{"start":{"line":102,"column":0},"end":{"line":102,"column":42}},"102":{"start":{"line":103,"column":0},"end":{"line":103,"column":16}},"103":{"start":{"line":104,"column":0},"end":{"line":104,"column":15}},"104":{"start":{"line":105,"column":0},"end":{"line":105,"column":3}},"105":{"start":{"line":106,"column":0},"end":{"line":106,"column":0}},"106":{"start":{"line":107,"column":0},"end":{"line":107,"column":49}},"107":{"start":{"line":108,"column":0},"end":{"line":108,"column":56}},"108":{"start":{"line":109,"column":0},"end":{"line":109,"column":19}},"109":{"start":{"line":110,"column":0},"end":{"line":110,"column":14}},"110":{"start":{"line":111,"column":0},"end":{"line":111,"column":55}},"111":{"start":{"line":112,"column":0},"end":{"line":112,"column":45}},"112":{"start":{"line":113,"column":0},"end":{"line":113,"column":21}},"113":{"start":{"line":114,"column":0},"end":{"line":114,"column":26}},"114":{"start":{"line":115,"column":0},"end":{"line":115,"column":23}},"115":{"start":{"line":116,"column":0},"end":{"line":116,"column":6}},"116":{"start":{"line":117,"column":0},"end":{"line":117,"column":21}},"117":{"start":{"line":118,"column":0},"end":{"line":118,"column":35}},"118":{"start":{"line":119,"column":0},"end":{"line":119,"column":32}},"119":{"start":{"line":120,"column":0},"end":{"line":120,"column":5}},"120":{"start":{"line":121,"column":0},"end":{"line":121,"column":0}},"121":{"start":{"line":122,"column":0},"end":{"line":122,"column":39}},"122":{"start":{"line":123,"column":0},"end":{"line":123,"column":19}},"123":{"start":{"line":124,"column":0},"end":{"line":124,"column":3}},"124":{"start":{"line":125,"column":0},"end":{"line":125,"column":0}},"125":{"start":{"line":126,"column":0},"end":{"line":126,"column":54}},"126":{"start":{"line":127,"column":0},"end":{"line":127,"column":36}},"127":{"start":{"line":128,"column":0},"end":{"line":128,"column":18}},"128":{"start":{"line":129,"column":0},"end":{"line":129,"column":14}},"129":{"start":{"line":130,"column":0},"end":{"line":130,"column":40}},"130":{"start":{"line":131,"column":0},"end":{"line":131,"column":5}},"131":{"start":{"line":132,"column":0},"end":{"line":132,"column":55}},"132":{"start":{"line":133,"column":0},"end":{"line":133,"column":0}},"133":{"start":{"line":134,"column":0},"end":{"line":134,"column":29}},"134":{"start":{"line":135,"column":0},"end":{"line":135,"column":16}},"135":{"start":{"line":136,"column":0},"end":{"line":136,"column":15}},"136":{"start":{"line":137,"column":0},"end":{"line":137,"column":19}},"137":{"start":{"line":138,"column":0},"end":{"line":138,"column":2}},"138":{"start":{"line":139,"column":0},"end":{"line":139,"column":0}},"139":{"start":{"line":140,"column":0},"end":{"line":140,"column":38}},"140":{"start":{"line":141,"column":0},"end":{"line":141,"column":23}},"141":{"start":{"line":142,"column":0},"end":{"line":142,"column":22}},"142":{"start":{"line":143,"column":0},"end":{"line":143,"column":14}},"143":{"start":{"line":144,"column":0},"end":{"line":144,"column":3}},"144":{"start":{"line":145,"column":0},"end":{"line":145,"column":0}},"145":{"start":{"line":146,"column":0},"end":{"line":146,"column":55}},"146":{"start":{"line":147,"column":0},"end":{"line":147,"column":33}},"147":{"start":{"line":148,"column":0},"end":{"line":148,"column":19}},"148":{"start":{"line":149,"column":0},"end":{"line":149,"column":14}},"149":{"start":{"line":150,"column":0},"end":{"line":150,"column":54}},"150":{"start":{"line":151,"column":0},"end":{"line":151,"column":6}},"151":{"start":{"line":152,"column":0},"end":{"line":152,"column":30}},"152":{"start":{"line":153,"column":0},"end":{"line":153,"column":4}},"153":{"start":{"line":154,"column":0},"end":{"line":154,"column":53}},"154":{"start":{"line":155,"column":0},"end":{"line":155,"column":21}},"155":{"start":{"line":156,"column":0},"end":{"line":156,"column":37}},"156":{"start":{"line":157,"column":0},"end":{"line":157,"column":34}},"157":{"start":{"line":158,"column":0},"end":{"line":158,"column":7}},"158":{"start":{"line":159,"column":0},"end":{"line":159,"column":0}},"159":{"start":{"line":160,"column":0},"end":{"line":160,"column":26}},"160":{"start":{"line":161,"column":0},"end":{"line":161,"column":16}},"161":{"start":{"line":162,"column":0},"end":{"line":162,"column":19}},"162":{"start":{"line":163,"column":0},"end":{"line":163,"column":2}},"163":{"start":{"line":164,"column":0},"end":{"line":164,"column":0}},"164":{"start":{"line":165,"column":0},"end":{"line":165,"column":49}},"165":{"start":{"line":166,"column":0},"end":{"line":166,"column":30}},"166":{"start":{"line":167,"column":0},"end":{"line":167,"column":19}},"167":{"start":{"line":168,"column":0},"end":{"line":168,"column":14}},"168":{"start":{"line":169,"column":0},"end":{"line":169,"column":54}},"169":{"start":{"line":170,"column":0},"end":{"line":170,"column":6}},"170":{"start":{"line":171,"column":0},"end":{"line":171,"column":30}},"171":{"start":{"line":172,"column":0},"end":{"line":172,"column":4}},"172":{"start":{"line":173,"column":0},"end":{"line":173,"column":53}},"173":{"start":{"line":174,"column":0},"end":{"line":174,"column":21}},"174":{"start":{"line":175,"column":0},"end":{"line":175,"column":37}},"175":{"start":{"line":176,"column":0},"end":{"line":176,"column":34}},"176":{"start":{"line":177,"column":0},"end":{"line":177,"column":7}},"177":{"start":{"line":178,"column":0},"end":{"line":178,"column":0}},"178":{"start":{"line":179,"column":0},"end":{"line":179,"column":61}},"179":{"start":{"line":180,"column":0},"end":{"line":180,"column":34}},"180":{"start":{"line":181,"column":0},"end":{"line":181,"column":19}},"181":{"start":{"line":182,"column":0},"end":{"line":182,"column":14}},"182":{"start":{"line":183,"column":0},"end":{"line":183,"column":54}},"183":{"start":{"line":184,"column":0},"end":{"line":184,"column":6}},"184":{"start":{"line":185,"column":0},"end":{"line":185,"column":30}},"185":{"start":{"line":186,"column":0},"end":{"line":186,"column":4}},"186":{"start":{"line":187,"column":0},"end":{"line":187,"column":59}},"187":{"start":{"line":188,"column":0},"end":{"line":188,"column":21}},"188":{"start":{"line":189,"column":0},"end":{"line":189,"column":37}},"189":{"start":{"line":190,"column":0},"end":{"line":190,"column":34}},"190":{"start":{"line":191,"column":0},"end":{"line":191,"column":7}},"191":{"start":{"line":192,"column":0},"end":{"line":192,"column":0}},"192":{"start":{"line":193,"column":0},"end":{"line":193,"column":78}},"193":{"start":{"line":194,"column":0},"end":{"line":194,"column":40}},"194":{"start":{"line":195,"column":0},"end":{"line":195,"column":19}},"195":{"start":{"line":196,"column":0},"end":{"line":196,"column":14}},"196":{"start":{"line":197,"column":0},"end":{"line":197,"column":54}},"197":{"start":{"line":198,"column":0},"end":{"line":198,"column":6}},"198":{"start":{"line":199,"column":0},"end":{"line":199,"column":30}},"199":{"start":{"line":200,"column":0},"end":{"line":200,"column":4}},"200":{"start":{"line":201,"column":0},"end":{"line":201,"column":59}},"201":{"start":{"line":202,"column":0},"end":{"line":202,"column":21}},"202":{"start":{"line":203,"column":0},"end":{"line":203,"column":37}},"203":{"start":{"line":204,"column":0},"end":{"line":204,"column":34}},"204":{"start":{"line":205,"column":0},"end":{"line":205,"column":7}},"205":{"start":{"line":206,"column":0},"end":{"line":206,"column":0}},"206":{"start":{"line":207,"column":0},"end":{"line":207,"column":54}},"207":{"start":{"line":208,"column":0},"end":{"line":208,"column":0}},"208":{"start":{"line":209,"column":0},"end":{"line":209,"column":31}},"209":{"start":{"line":210,"column":0},"end":{"line":210,"column":55}},"210":{"start":{"line":211,"column":0},"end":{"line":211,"column":14}},"211":{"start":{"line":212,"column":0},"end":{"line":212,"column":45}},"212":{"start":{"line":213,"column":0},"end":{"line":213,"column":20}},"213":{"start":{"line":214,"column":0},"end":{"line":214,"column":5}},"214":{"start":{"line":215,"column":0},"end":{"line":215,"column":0}},"215":{"start":{"line":216,"column":0},"end":{"line":216,"column":62}},"216":{"start":{"line":217,"column":0},"end":{"line":217,"column":55}},"217":{"start":{"line":218,"column":0},"end":{"line":218,"column":20}},"218":{"start":{"line":219,"column":0},"end":{"line":219,"column":14}},"219":{"start":{"line":220,"column":0},"end":{"line":220,"column":55}},"220":{"start":{"line":221,"column":0},"end":{"line":221,"column":45}},"221":{"start":{"line":222,"column":0},"end":{"line":222,"column":21}},"222":{"start":{"line":223,"column":0},"end":{"line":223,"column":30}},"223":{"start":{"line":224,"column":0},"end":{"line":224,"column":5}},"224":{"start":{"line":225,"column":0},"end":{"line":225,"column":0}},"225":{"start":{"line":226,"column":0},"end":{"line":226,"column":30}},"226":{"start":{"line":227,"column":0},"end":{"line":227,"column":31}},"227":{"start":{"line":228,"column":0},"end":{"line":228,"column":19}},"228":{"start":{"line":229,"column":0},"end":{"line":229,"column":14}},"229":{"start":{"line":230,"column":0},"end":{"line":230,"column":54}},"230":{"start":{"line":231,"column":0},"end":{"line":231,"column":6}},"231":{"start":{"line":232,"column":0},"end":{"line":232,"column":26}},"232":{"start":{"line":233,"column":0},"end":{"line":233,"column":49}},"233":{"start":{"line":234,"column":0},"end":{"line":234,"column":6}},"234":{"start":{"line":235,"column":0},"end":{"line":235,"column":60}}},"s":{"0":1,"1":0,"2":1,"3":1,"4":1,"5":1,"6":2,"7":1,"8":1,"9":1,"10":1,"11":1,"12":1,"13":1,"14":1,"15":1,"16":1,"17":1,"18":0,"19":0,"20":0,"21":0,"22":0,"23":0,"24":0,"25":0,"26":0,"27":0,"28":0,"29":0,"30":0,"31":0,"32":0,"33":0,"34":0,"35":0,"36":1,"37":1,"38":2,"39":2,"40":2,"41":2,"42":2,"43":2,"44":0,"45":0,"46":0,"47":0,"48":0,"49":0,"50":0,"51":0,"52":0,"53":0,"54":0,"55":1,"56":1,"57":1,"58":1,"59":1,"60":1,"61":1,"62":1,"63":1,"64":1,"65":1,"66":1,"67":1,"68":1,"69":1,"70":1,"71":1,"72":1,"73":1,"74":2,"75":2,"76":2,"77":1,"78":0,"79":2,"80":1,"81":1,"82":2,"83":2,"84":2,"85":1,"86":0,"87":2,"88":1,"89":1,"90":1,"91":1,"92":1,"93":1,"94":1,"95":1,"96":1,"97":1,"98":0,"99":1,"100":1,"101":1,"102":1,"103":1,"104":1,"105":1,"106":1,"107":2,"108":2,"109":2,"110":2,"111":2,"112":2,"113":2,"114":2,"115":2,"116":2,"117":2,"118":0,"119":2,"120":1,"121":1,"122":1,"123":1,"124":1,"125":1,"126":1,"127":1,"128":1,"129":1,"130":1,"131":1,"132":1,"133":1,"134":1,"135":1,"136":1,"137":1,"138":1,"139":1,"140":1,"141":1,"142":1,"143":1,"144":1,"145":1,"146":1,"147":1,"148":1,"149":1,"150":1,"151":1,"152":1,"153":1,"154":1,"155":1,"156":0,"157":1,"158":1,"159":1,"160":1,"161":1,"162":1,"163":1,"164":1,"165":1,"166":1,"167":1,"168":1,"169":1,"170":1,"171":1,"172":1,"173":1,"174":1,"175":0,"176":1,"177":1,"178":1,"179":0,"180":0,"181":0,"182":0,"183":0,"184":0,"185":0,"186":0,"187":0,"188":0,"189":0,"190":0,"191":1,"192":1,"193":0,"194":0,"195":0,"196":0,"197":0,"198":0,"199":0,"200":0,"201":0,"202":0,"203":0,"204":0,"205":1,"206":1,"207":1,"208":1,"209":1,"210":1,"211":1,"212":1,"213":1,"214":1,"215":1,"216":1,"217":1,"218":1,"219":1,"220":1,"221":1,"222":1,"223":1,"224":1,"225":1,"226":0,"227":0,"228":0,"229":0,"230":0,"231":0,"232":0,"233":0,"234":0},"branchMap":{"0":{"type":"branch","line":2,"loc":{"start":{"line":2,"column":-2},"end":{"line":2,"column":66}},"locations":[{"start":{"line":2,"column":-2},"end":{"line":2,"column":66}}]},"1":{"type":"branch","line":2,"loc":{"start":{"line":2,"column":0},"end":{"line":2,"column":66}},"locations":[{"start":{"line":2,"column":0},"end":{"line":2,"column":66}}]},"2":{"type":"branch","line":2,"loc":{"start":{"line":2,"column":0},"end":{"line":2,"column":66}},"locations":[{"start":{"line":2,"column":0},"end":{"line":2,"column":66}}]},"3":{"type":"branch","line":2,"loc":{"start":{"line":2,"column":0},"end":{"line":2,"column":66}},"locations":[{"start":{"line":2,"column":0},"end":{"line":2,"column":66}}]},"4":{"type":"branch","line":2,"loc":{"start":{"line":2,"column":0},"end":{"line":2,"column":66}},"locations":[{"start":{"line":2,"column":0},"end":{"line":2,"column":66}}]},"5":{"type":"branch","line":2,"loc":{"start":{"line":2,"column":0},"end":{"line":2,"column":66}},"locations":[{"start":{"line":2,"column":0},"end":{"line":2,"column":66}}]},"6":{"type":"branch","line":2,"loc":{"start":{"line":2,"column":0},"end":{"line":2,"column":66}},"locations":[{"start":{"line":2,"column":0},"end":{"line":2,"column":66}}]},"7":{"type":"branch","line":2,"loc":{"start":{"line":2,"column":0},"end":{"line":2,"column":66}},"locations":[{"start":{"line":2,"column":0},"end":{"line":2,"column":66}}]},"8":{"type":"branch","line":2,"loc":{"start":{"line":2,"column":0},"end":{"line":2,"column":66}},"locations":[{"start":{"line":2,"column":0},"end":{"line":2,"column":66}}]},"9":{"type":"branch","line":2,"loc":{"start":{"line":2,"column":0},"end":{"line":2,"column":66}},"locations":[{"start":{"line":2,"column":0},"end":{"line":2,"column":66}}]},"10":{"type":"branch","line":2,"loc":{"start":{"line":2,"column":0},"end":{"line":2,"column":66}},"locations":[{"start":{"line":2,"column":0},"end":{"line":2,"column":66}}]},"11":{"type":"branch","line":2,"loc":{"start":{"line":2,"column":0},"end":{"line":2,"column":66}},"locations":[{"start":{"line":2,"column":0},"end":{"line":2,"column":66}}]},"12":{"type":"branch","line":2,"loc":{"start":{"line":2,"column":0},"end":{"line":2,"column":66}},"locations":[{"start":{"line":2,"column":0},"end":{"line":2,"column":66}}]},"13":{"type":"branch","line":2,"loc":{"start":{"line":2,"column":0},"end":{"line":2,"column":66}},"locations":[{"start":{"line":2,"column":0},"end":{"line":2,"column":66}}]},"14":{"type":"branch","line":2,"loc":{"start":{"line":2,"column":0},"end":{"line":2,"column":66}},"locations":[{"start":{"line":2,"column":0},"end":{"line":2,"column":66}}]},"15":{"type":"branch","line":2,"loc":{"start":{"line":2,"column":0},"end":{"line":2,"column":66}},"locations":[{"start":{"line":2,"column":0},"end":{"line":2,"column":66}}]},"16":{"type":"branch","line":2,"loc":{"start":{"line":2,"column":0},"end":{"line":2,"column":66}},"locations":[{"start":{"line":2,"column":0},"end":{"line":2,"column":66}}]},"17":{"type":"branch","line":2,"loc":{"start":{"line":2,"column":0},"end":{"line":2,"column":66}},"locations":[{"start":{"line":2,"column":0},"end":{"line":2,"column":66}}]},"18":{"type":"branch","line":2,"loc":{"start":{"line":2,"column":0},"end":{"line":2,"column":66}},"locations":[{"start":{"line":2,"column":0},"end":{"line":2,"column":66}}]},"19":{"type":"branch","line":2,"loc":{"start":{"line":2,"column":0},"end":{"line":2,"column":66}},"locations":[{"start":{"line":2,"column":0},"end":{"line":2,"column":66}}]},"20":{"type":"branch","line":2,"loc":{"start":{"line":2,"column":0},"end":{"line":2,"column":66}},"locations":[{"start":{"line":2,"column":0},"end":{"line":2,"column":66}}]},"21":{"type":"branch","line":2,"loc":{"start":{"line":2,"column":0},"end":{"line":2,"column":66}},"locations":[{"start":{"line":2,"column":0},"end":{"line":2,"column":66}}]},"22":{"type":"branch","line":2,"loc":{"start":{"line":2,"column":0},"end":{"line":2,"column":66}},"locations":[{"start":{"line":2,"column":0},"end":{"line":2,"column":66}}]},"23":{"type":"branch","line":2,"loc":{"start":{"line":2,"column":0},"end":{"line":2,"column":66}},"locations":[{"start":{"line":2,"column":0},"end":{"line":2,"column":66}}]},"24":{"type":"branch","line":2,"loc":{"start":{"line":2,"column":0},"end":{"line":2,"column":66}},"locations":[{"start":{"line":2,"column":0},"end":{"line":2,"column":66}}]},"25":{"type":"branch","line":2,"loc":{"start":{"line":2,"column":0},"end":{"line":2,"column":66}},"locations":[{"start":{"line":2,"column":0},"end":{"line":2,"column":66}}]},"26":{"type":"branch","line":2,"loc":{"start":{"line":2,"column":0},"end":{"line":2,"column":66}},"locations":[{"start":{"line":2,"column":0},"end":{"line":2,"column":66}}]},"27":{"type":"branch","line":2,"loc":{"start":{"line":2,"column":0},"end":{"line":2,"column":66}},"locations":[{"start":{"line":2,"column":0},"end":{"line":2,"column":66}}]},"28":{"type":"branch","line":2,"loc":{"start":{"line":2,"column":0},"end":{"line":2,"column":66}},"locations":[{"start":{"line":2,"column":0},"end":{"line":2,"column":66}}]},"29":{"type":"branch","line":2,"loc":{"start":{"line":2,"column":0},"end":{"line":2,"column":66}},"locations":[{"start":{"line":2,"column":0},"end":{"line":2,"column":66}}]},"30":{"type":"branch","line":2,"loc":{"start":{"line":2,"column":0},"end":{"line":2,"column":66}},"locations":[{"start":{"line":2,"column":0},"end":{"line":2,"column":66}}]},"31":{"type":"branch","line":2,"loc":{"start":{"line":2,"column":0},"end":{"line":2,"column":66}},"locations":[{"start":{"line":2,"column":0},"end":{"line":2,"column":66}}]},"32":{"type":"branch","line":2,"loc":{"start":{"line":2,"column":0},"end":{"line":2,"column":66}},"locations":[{"start":{"line":2,"column":0},"end":{"line":2,"column":66}}]},"33":{"type":"branch","line":2,"loc":{"start":{"line":2,"column":0},"end":{"line":2,"column":66}},"locations":[{"start":{"line":2,"column":0},"end":{"line":2,"column":66}}]},"34":{"type":"branch","line":2,"loc":{"start":{"line":2,"column":0},"end":{"line":2,"column":66}},"locations":[{"start":{"line":2,"column":0},"end":{"line":2,"column":66}}]},"35":{"type":"branch","line":2,"loc":{"start":{"line":2,"column":0},"end":{"line":2,"column":66}},"locations":[{"start":{"line":2,"column":0},"end":{"line":2,"column":66}}]},"36":{"type":"branch","line":2,"loc":{"start":{"line":2,"column":0},"end":{"line":2,"column":66}},"locations":[{"start":{"line":2,"column":0},"end":{"line":2,"column":66}}]},"37":{"type":"branch","line":2,"loc":{"start":{"line":2,"column":0},"end":{"line":2,"column":66}},"locations":[{"start":{"line":2,"column":0},"end":{"line":2,"column":66}}]},"38":{"type":"branch","line":2,"loc":{"start":{"line":2,"column":0},"end":{"line":2,"column":66}},"locations":[{"start":{"line":2,"column":0},"end":{"line":2,"column":66}}]},"39":{"type":"branch","line":2,"loc":{"start":{"line":2,"column":0},"end":{"line":2,"column":66}},"locations":[{"start":{"line":2,"column":0},"end":{"line":2,"column":66}}]},"40":{"type":"branch","line":2,"loc":{"start":{"line":2,"column":0},"end":{"line":2,"column":66}},"locations":[{"start":{"line":2,"column":0},"end":{"line":2,"column":66}}]},"41":{"type":"branch","line":2,"loc":{"start":{"line":2,"column":0},"end":{"line":2,"column":66}},"locations":[{"start":{"line":2,"column":0},"end":{"line":2,"column":66}}]},"42":{"type":"branch","line":2,"loc":{"start":{"line":2,"column":0},"end":{"line":2,"column":66}},"locations":[{"start":{"line":2,"column":0},"end":{"line":2,"column":66}}]},"43":{"type":"branch","line":2,"loc":{"start":{"line":2,"column":0},"end":{"line":2,"column":66}},"locations":[{"start":{"line":2,"column":0},"end":{"line":2,"column":66}}]},"44":{"type":"branch","line":2,"loc":{"start":{"line":2,"column":0},"end":{"line":2,"column":66}},"locations":[{"start":{"line":2,"column":0},"end":{"line":2,"column":66}}]},"45":{"type":"branch","line":2,"loc":{"start":{"line":2,"column":0},"end":{"line":2,"column":66}},"locations":[{"start":{"line":2,"column":0},"end":{"line":2,"column":66}}]},"46":{"type":"branch","line":2,"loc":{"start":{"line":2,"column":0},"end":{"line":2,"column":66}},"locations":[{"start":{"line":2,"column":0},"end":{"line":2,"column":66}}]},"47":{"type":"branch","line":2,"loc":{"start":{"line":2,"column":0},"end":{"line":2,"column":66}},"locations":[{"start":{"line":2,"column":0},"end":{"line":2,"column":66}}]},"48":{"type":"branch","line":2,"loc":{"start":{"line":2,"column":0},"end":{"line":2,"column":66}},"locations":[{"start":{"line":2,"column":0},"end":{"line":2,"column":66}}]},"49":{"type":"branch","line":2,"loc":{"start":{"line":2,"column":0},"end":{"line":2,"column":66}},"locations":[{"start":{"line":2,"column":0},"end":{"line":2,"column":66}}]},"50":{"type":"branch","line":2,"loc":{"start":{"line":2,"column":0},"end":{"line":2,"column":66}},"locations":[{"start":{"line":2,"column":0},"end":{"line":2,"column":66}}]},"51":{"type":"branch","line":2,"loc":{"start":{"line":2,"column":0},"end":{"line":2,"column":66}},"locations":[{"start":{"line":2,"column":0},"end":{"line":2,"column":66}}]},"52":{"type":"branch","line":2,"loc":{"start":{"line":2,"column":0},"end":{"line":2,"column":66}},"locations":[{"start":{"line":2,"column":0},"end":{"line":2,"column":66}}]},"53":{"type":"branch","line":2,"loc":{"start":{"line":2,"column":0},"end":{"line":2,"column":66}},"locations":[{"start":{"line":2,"column":0},"end":{"line":2,"column":66}}]},"54":{"type":"branch","line":2,"loc":{"start":{"line":2,"column":0},"end":{"line":2,"column":66}},"locations":[{"start":{"line":2,"column":0},"end":{"line":2,"column":66}}]},"55":{"type":"branch","line":2,"loc":{"start":{"line":2,"column":0},"end":{"line":2,"column":66}},"locations":[{"start":{"line":2,"column":0},"end":{"line":2,"column":66}}]},"56":{"type":"branch","line":2,"loc":{"start":{"line":2,"column":0},"end":{"line":2,"column":66}},"locations":[{"start":{"line":2,"column":0},"end":{"line":2,"column":66}}]},"57":{"type":"branch","line":2,"loc":{"start":{"line":2,"column":0},"end":{"line":2,"column":66}},"locations":[{"start":{"line":2,"column":0},"end":{"line":2,"column":66}}]},"58":{"type":"branch","line":2,"loc":{"start":{"line":2,"column":0},"end":{"line":2,"column":66}},"locations":[{"start":{"line":2,"column":0},"end":{"line":2,"column":66}}]},"59":{"type":"branch","line":2,"loc":{"start":{"line":2,"column":0},"end":{"line":2,"column":66}},"locations":[{"start":{"line":2,"column":0},"end":{"line":2,"column":66}}]},"60":{"type":"branch","line":2,"loc":{"start":{"line":2,"column":0},"end":{"line":2,"column":66}},"locations":[{"start":{"line":2,"column":0},"end":{"line":2,"column":66}}]},"61":{"type":"branch","line":2,"loc":{"start":{"line":2,"column":0},"end":{"line":2,"column":66}},"locations":[{"start":{"line":2,"column":0},"end":{"line":2,"column":66}}]},"62":{"type":"branch","line":2,"loc":{"start":{"line":2,"column":0},"end":{"line":2,"column":66}},"locations":[{"start":{"line":2,"column":0},"end":{"line":2,"column":66}}]},"63":{"type":"branch","line":2,"loc":{"start":{"line":2,"column":0},"end":{"line":2,"column":66}},"locations":[{"start":{"line":2,"column":0},"end":{"line":2,"column":66}}]},"64":{"type":"branch","line":2,"loc":{"start":{"line":2,"column":0},"end":{"line":2,"column":66}},"locations":[{"start":{"line":2,"column":0},"end":{"line":2,"column":66}}]},"65":{"type":"branch","line":2,"loc":{"start":{"line":2,"column":0},"end":{"line":2,"column":66}},"locations":[{"start":{"line":2,"column":0},"end":{"line":2,"column":66}}]},"66":{"type":"branch","line":2,"loc":{"start":{"line":2,"column":0},"end":{"line":2,"column":66}},"locations":[{"start":{"line":2,"column":0},"end":{"line":2,"column":66}}]},"67":{"type":"branch","line":2,"loc":{"start":{"line":2,"column":0},"end":{"line":2,"column":66}},"locations":[{"start":{"line":2,"column":0},"end":{"line":2,"column":66}}]},"68":{"type":"branch","line":6,"loc":{"start":{"line":6,"column":22},"end":{"line":7,"column":70}},"locations":[{"start":{"line":6,"column":22},"end":{"line":7,"column":70}}]},"69":{"type":"branch","line":7,"loc":{"start":{"line":7,"column":8},"end":{"line":7,"column":21}},"locations":[{"start":{"line":7,"column":8},"end":{"line":7,"column":21}}]},"70":{"type":"branch","line":7,"loc":{"start":{"line":7,"column":21},"end":{"line":7,"column":69}},"locations":[{"start":{"line":7,"column":21},"end":{"line":7,"column":69}}]},"71":{"type":"branch","line":7,"loc":{"start":{"line":7,"column":40},"end":{"line":7,"column":69}},"locations":[{"start":{"line":7,"column":40},"end":{"line":7,"column":69}}]},"72":{"type":"branch","line":38,"loc":{"start":{"line":38,"column":29},"end":{"line":38,"column":32}},"locations":[{"start":{"line":38,"column":29},"end":{"line":38,"column":32}}]},"73":{"type":"branch","line":38,"loc":{"start":{"line":38,"column":32},"end":{"line":55,"column":33}},"locations":[{"start":{"line":38,"column":32},"end":{"line":55,"column":33}}]},"74":{"type":"branch","line":41,"loc":{"start":{"line":41,"column":-2},"end":{"line":55,"column":33}},"locations":[{"start":{"line":41,"column":-2},"end":{"line":55,"column":33}}]},"75":{"type":"branch","line":41,"loc":{"start":{"line":41,"column":-2},"end":{"line":43,"column":42}},"locations":[{"start":{"line":41,"column":-2},"end":{"line":43,"column":42}}]},"76":{"type":"branch","line":43,"loc":{"start":{"line":43,"column":41},"end":{"line":44,"column":39}},"locations":[{"start":{"line":43,"column":41},"end":{"line":44,"column":39}}]},"77":{"type":"branch","line":44,"loc":{"start":{"line":44,"column":38},"end":{"line":44,"column":39}},"locations":[{"start":{"line":44,"column":38},"end":{"line":44,"column":39}}]},"78":{"type":"branch","line":44,"loc":{"start":{"line":44,"column":38},"end":{"line":47,"column":47}},"locations":[{"start":{"line":44,"column":38},"end":{"line":47,"column":47}}]},"79":{"type":"branch","line":47,"loc":{"start":{"line":47,"column":46},"end":{"line":52,"column":44}},"locations":[{"start":{"line":47,"column":46},"end":{"line":52,"column":44}}]},"80":{"type":"branch","line":52,"loc":{"start":{"line":52,"column":43},"end":{"line":53,"column":41}},"locations":[{"start":{"line":52,"column":43},"end":{"line":53,"column":41}}]},"81":{"type":"branch","line":53,"loc":{"start":{"line":53,"column":40},"end":{"line":53,"column":41}},"locations":[{"start":{"line":53,"column":40},"end":{"line":53,"column":41}}]},"82":{"type":"branch","line":53,"loc":{"start":{"line":53,"column":40},"end":{"line":55,"column":33}},"locations":[{"start":{"line":53,"column":40},"end":{"line":55,"column":33}}]},"83":{"type":"branch","line":55,"loc":{"start":{"line":55,"column":32},"end":{"line":55,"column":33}},"locations":[{"start":{"line":55,"column":32},"end":{"line":55,"column":33}}]},"84":{"type":"branch","line":55,"loc":{"start":{"line":55,"column":32},"end":{"line":55,"column":33}},"locations":[{"start":{"line":55,"column":32},"end":{"line":55,"column":33}}]},"85":{"type":"branch","line":74,"loc":{"start":{"line":74,"column":33},"end":{"line":80,"column":7}},"locations":[{"start":{"line":74,"column":33},"end":{"line":80,"column":7}}]},"86":{"type":"branch","line":76,"loc":{"start":{"line":76,"column":10},"end":{"line":76,"column":60}},"locations":[{"start":{"line":76,"column":10},"end":{"line":76,"column":60}}]},"87":{"type":"branch","line":77,"loc":{"start":{"line":77,"column":10},"end":{"line":80,"column":5}},"locations":[{"start":{"line":77,"column":10},"end":{"line":80,"column":5}}]},"88":{"type":"branch","line":78,"loc":{"start":{"line":78,"column":41},"end":{"line":80,"column":5}},"locations":[{"start":{"line":78,"column":41},"end":{"line":80,"column":5}}]},"89":{"type":"branch","line":82,"loc":{"start":{"line":82,"column":27},"end":{"line":88,"column":7}},"locations":[{"start":{"line":82,"column":27},"end":{"line":88,"column":7}}]},"90":{"type":"branch","line":84,"loc":{"start":{"line":84,"column":10},"end":{"line":84,"column":54}},"locations":[{"start":{"line":84,"column":10},"end":{"line":84,"column":54}}]},"91":{"type":"branch","line":85,"loc":{"start":{"line":85,"column":10},"end":{"line":88,"column":5}},"locations":[{"start":{"line":85,"column":10},"end":{"line":88,"column":5}}]},"92":{"type":"branch","line":86,"loc":{"start":{"line":86,"column":36},"end":{"line":88,"column":5}},"locations":[{"start":{"line":86,"column":36},"end":{"line":88,"column":5}}]},"93":{"type":"branch","line":90,"loc":{"start":{"line":90,"column":28},"end":{"line":100,"column":5}},"locations":[{"start":{"line":90,"column":28},"end":{"line":100,"column":5}}]},"94":{"type":"branch","line":97,"loc":{"start":{"line":97,"column":10},"end":{"line":100,"column":3}},"locations":[{"start":{"line":97,"column":10},"end":{"line":100,"column":3}}]},"95":{"type":"branch","line":98,"loc":{"start":{"line":98,"column":41},"end":{"line":100,"column":3}},"locations":[{"start":{"line":98,"column":41},"end":{"line":100,"column":3}}]},"96":{"type":"branch","line":107,"loc":{"start":{"line":107,"column":30},"end":{"line":120,"column":5}},"locations":[{"start":{"line":107,"column":30},"end":{"line":120,"column":5}}]},"97":{"type":"branch","line":117,"loc":{"start":{"line":117,"column":10},"end":{"line":120,"column":3}},"locations":[{"start":{"line":117,"column":10},"end":{"line":120,"column":3}}]},"98":{"type":"branch","line":118,"loc":{"start":{"line":118,"column":34},"end":{"line":120,"column":3}},"locations":[{"start":{"line":118,"column":34},"end":{"line":120,"column":3}}]},"99":{"type":"branch","line":126,"loc":{"start":{"line":126,"column":35},"end":{"line":132,"column":55}},"locations":[{"start":{"line":126,"column":35},"end":{"line":132,"column":55}}]},"100":{"type":"branch","line":132,"loc":{"start":{"line":132,"column":10},"end":{"line":132,"column":54}},"locations":[{"start":{"line":132,"column":10},"end":{"line":132,"column":54}}]},"101":{"type":"branch","line":146,"loc":{"start":{"line":146,"column":31},"end":{"line":158,"column":7}},"locations":[{"start":{"line":146,"column":31},"end":{"line":158,"column":7}}]},"102":{"type":"branch","line":154,"loc":{"start":{"line":154,"column":10},"end":{"line":154,"column":53}},"locations":[{"start":{"line":154,"column":10},"end":{"line":154,"column":53}}]},"103":{"type":"branch","line":155,"loc":{"start":{"line":155,"column":10},"end":{"line":158,"column":5}},"locations":[{"start":{"line":155,"column":10},"end":{"line":158,"column":5}}]},"104":{"type":"branch","line":156,"loc":{"start":{"line":156,"column":36},"end":{"line":158,"column":5}},"locations":[{"start":{"line":156,"column":36},"end":{"line":158,"column":5}}]},"105":{"type":"branch","line":165,"loc":{"start":{"line":165,"column":28},"end":{"line":177,"column":7}},"locations":[{"start":{"line":165,"column":28},"end":{"line":177,"column":7}}]},"106":{"type":"branch","line":173,"loc":{"start":{"line":173,"column":10},"end":{"line":173,"column":53}},"locations":[{"start":{"line":173,"column":10},"end":{"line":173,"column":53}}]},"107":{"type":"branch","line":174,"loc":{"start":{"line":174,"column":10},"end":{"line":177,"column":5}},"locations":[{"start":{"line":174,"column":10},"end":{"line":177,"column":5}}]},"108":{"type":"branch","line":175,"loc":{"start":{"line":175,"column":36},"end":{"line":177,"column":5}},"locations":[{"start":{"line":175,"column":36},"end":{"line":177,"column":5}}]},"109":{"type":"branch","line":209,"loc":{"start":{"line":209,"column":26},"end":{"line":214,"column":5}},"locations":[{"start":{"line":209,"column":26},"end":{"line":214,"column":5}}]},"110":{"type":"branch","line":216,"loc":{"start":{"line":216,"column":29},"end":{"line":224,"column":5}},"locations":[{"start":{"line":216,"column":29},"end":{"line":224,"column":5}}]}},"b":{"0":[1],"1":[0],"2":[0],"3":[0],"4":[0],"5":[0],"6":[0],"7":[2],"8":[13],"9":[2],"10":[0],"11":[0],"12":[8],"13":[0],"14":[2],"15":[6],"16":[6],"17":[2],"18":[6],"19":[0],"20":[0],"21":[8],"22":[0],"23":[6],"24":[2],"25":[0],"26":[2],"27":[6],"28":[2],"29":[6],"30":[0],"31":[2],"32":[0],"33":[4],"34":[2],"35":[1],"36":[0],"37":[0],"38":[0],"39":[1],"40":[0],"41":[2],"42":[0],"43":[2],"44":[0],"45":[4],"46":[8],"47":[4],"48":[0],"49":[0],"50":[0],"51":[0],"52":[0],"53":[0],"54":[0],"55":[0],"56":[4],"57":[0],"58":[0],"59":[0],"60":[6],"61":[0],"62":[2],"63":[4],"64":[1],"65":[2],"66":[2],"67":[6],"68":[2],"69":[1],"70":[1],"71":[1],"72":[1],"73":[2],"74":[8],"75":[2],"76":[2],"77":[2],"78":[0],"79":[0],"80":[0],"81":[0],"82":[0],"83":[0],"84":[2],"85":[2],"86":[2],"87":[1],"88":[0],"89":[2],"90":[2],"91":[1],"92":[0],"93":[1],"94":[1],"95":[0],"96":[2],"97":[2],"98":[0],"99":[1],"100":[1],"101":[1],"102":[1],"103":[1],"104":[0],"105":[1],"106":[1],"107":[1],"108":[0],"109":[1],"110":[1]},"fnMap":{"0":{"name":"_regeneratorRuntime","decl":{"start":{"line":2,"column":-2},"end":{"line":2,"column":66}},"loc":{"start":{"line":2,"column":-2},"end":{"line":2,"column":66}},"line":2},"1":{"name":"_regeneratorRuntime","decl":{"start":{"line":2,"column":0},"end":{"line":2,"column":66}},"loc":{"start":{"line":2,"column":0},"end":{"line":2,"column":66}},"line":2},"2":{"name":"o","decl":{"start":{"line":2,"column":0},"end":{"line":2,"column":66}},"loc":{"start":{"line":2,"column":0},"end":{"line":2,"column":66}},"line":2},"3":{"name":"define","decl":{"start":{"line":2,"column":0},"end":{"line":2,"column":66}},"loc":{"start":{"line":2,"column":0},"end":{"line":2,"column":66}},"line":2},"4":{"name":"define","decl":{"start":{"line":2,"column":0},"end":{"line":2,"column":66}},"loc":{"start":{"line":2,"column":0},"end":{"line":2,"column":66}},"line":2},"5":{"name":"wrap","decl":{"start":{"line":2,"column":0},"end":{"line":2,"column":66}},"loc":{"start":{"line":2,"column":0},"end":{"line":2,"column":66}},"line":2},"6":{"name":"tryCatch","decl":{"start":{"line":2,"column":0},"end":{"line":2,"column":66}},"loc":{"start":{"line":2,"column":0},"end":{"line":2,"column":66}},"line":2},"7":{"name":"Generator","decl":{"start":{"line":2,"column":0},"end":{"line":2,"column":66}},"loc":{"start":{"line":2,"column":0},"end":{"line":2,"column":66}},"line":2},"8":{"name":"GeneratorFunction","decl":{"start":{"line":2,"column":0},"end":{"line":2,"column":66}},"loc":{"start":{"line":2,"column":0},"end":{"line":2,"column":66}},"line":2},"9":{"name":"GeneratorFunctionPrototype","decl":{"start":{"line":2,"column":0},"end":{"line":2,"column":66}},"loc":{"start":{"line":2,"column":0},"end":{"line":2,"column":66}},"line":2},"10":{"name":"defineIteratorMethods","decl":{"start":{"line":2,"column":0},"end":{"line":2,"column":66}},"loc":{"start":{"line":2,"column":0},"end":{"line":2,"column":66}},"line":2},"11":{"name":"AsyncIterator","decl":{"start":{"line":2,"column":0},"end":{"line":2,"column":66}},"loc":{"start":{"line":2,"column":0},"end":{"line":2,"column":66}},"line":2},"12":{"name":"makeInvokeMethod","decl":{"start":{"line":2,"column":0},"end":{"line":2,"column":66}},"loc":{"start":{"line":2,"column":0},"end":{"line":2,"column":66}},"line":2},"13":{"name":"maybeInvokeDelegate","decl":{"start":{"line":2,"column":0},"end":{"line":2,"column":66}},"loc":{"start":{"line":2,"column":0},"end":{"line":2,"column":66}},"line":2},"14":{"name":"pushTryEntry","decl":{"start":{"line":2,"column":0},"end":{"line":2,"column":66}},"loc":{"start":{"line":2,"column":0},"end":{"line":2,"column":66}},"line":2},"15":{"name":"resetTryEntry","decl":{"start":{"line":2,"column":0},"end":{"line":2,"column":66}},"loc":{"start":{"line":2,"column":0},"end":{"line":2,"column":66}},"line":2},"16":{"name":"Context","decl":{"start":{"line":2,"column":0},"end":{"line":2,"column":66}},"loc":{"start":{"line":2,"column":0},"end":{"line":2,"column":66}},"line":2},"17":{"name":"values","decl":{"start":{"line":2,"column":0},"end":{"line":2,"column":66}},"loc":{"start":{"line":2,"column":0},"end":{"line":2,"column":66}},"line":2},"18":{"name":"next","decl":{"start":{"line":2,"column":0},"end":{"line":2,"column":66}},"loc":{"start":{"line":2,"column":0},"end":{"line":2,"column":66}},"line":2},"19":{"name":"e.isGeneratorFunction","decl":{"start":{"line":2,"column":0},"end":{"line":2,"column":66}},"loc":{"start":{"line":2,"column":0},"end":{"line":2,"column":66}},"line":2},"20":{"name":"e.mark","decl":{"start":{"line":2,"column":0},"end":{"line":2,"column":66}},"loc":{"start":{"line":2,"column":0},"end":{"line":2,"column":66}},"line":2},"21":{"name":"e.awrap","decl":{"start":{"line":2,"column":0},"end":{"line":2,"column":66}},"loc":{"start":{"line":2,"column":0},"end":{"line":2,"column":66}},"line":2},"22":{"name":"e.async","decl":{"start":{"line":2,"column":0},"end":{"line":2,"column":66}},"loc":{"start":{"line":2,"column":0},"end":{"line":2,"column":66}},"line":2},"23":{"name":"e.keys","decl":{"start":{"line":2,"column":0},"end":{"line":2,"column":66}},"loc":{"start":{"line":2,"column":0},"end":{"line":2,"column":66}},"line":2},"24":{"name":"reset","decl":{"start":{"line":2,"column":0},"end":{"line":2,"column":66}},"loc":{"start":{"line":2,"column":0},"end":{"line":2,"column":66}},"line":2},"25":{"name":"stop","decl":{"start":{"line":2,"column":0},"end":{"line":2,"column":66}},"loc":{"start":{"line":2,"column":0},"end":{"line":2,"column":66}},"line":2},"26":{"name":"dispatchException","decl":{"start":{"line":2,"column":0},"end":{"line":2,"column":66}},"loc":{"start":{"line":2,"column":0},"end":{"line":2,"column":66}},"line":2},"27":{"name":"abrupt","decl":{"start":{"line":2,"column":0},"end":{"line":2,"column":66}},"loc":{"start":{"line":2,"column":0},"end":{"line":2,"column":66}},"line":2},"28":{"name":"complete","decl":{"start":{"line":2,"column":0},"end":{"line":2,"column":66}},"loc":{"start":{"line":2,"column":0},"end":{"line":2,"column":66}},"line":2},"29":{"name":"finish","decl":{"start":{"line":2,"column":0},"end":{"line":2,"column":66}},"loc":{"start":{"line":2,"column":0},"end":{"line":2,"column":66}},"line":2},"30":{"name":"_catch","decl":{"start":{"line":2,"column":0},"end":{"line":2,"column":66}},"loc":{"start":{"line":2,"column":0},"end":{"line":2,"column":66}},"line":2},"31":{"name":"delegateYield","decl":{"start":{"line":2,"column":0},"end":{"line":2,"column":66}},"loc":{"start":{"line":2,"column":0},"end":{"line":2,"column":66}},"line":2},"32":{"name":"asyncGeneratorStep","decl":{"start":{"line":2,"column":0},"end":{"line":2,"column":66}},"loc":{"start":{"line":2,"column":0},"end":{"line":2,"column":66}},"line":2},"33":{"name":"_asyncToGenerator","decl":{"start":{"line":2,"column":0},"end":{"line":2,"column":66}},"loc":{"start":{"line":2,"column":0},"end":{"line":2,"column":66}},"line":2},"34":{"name":"_next","decl":{"start":{"line":2,"column":0},"end":{"line":2,"column":66}},"loc":{"start":{"line":2,"column":0},"end":{"line":2,"column":66}},"line":2},"35":{"name":"_throw","decl":{"start":{"line":2,"column":0},"end":{"line":2,"column":66}},"loc":{"start":{"line":2,"column":0},"end":{"line":2,"column":66}},"line":2},"36":{"name":"checkResponse","decl":{"start":{"line":6,"column":22},"end":{"line":7,"column":70}},"loc":{"start":{"line":6,"column":22},"end":{"line":7,"column":70}},"line":6},"37":{"name":"refreshToken","decl":{"start":{"line":18,"column":28},"end":{"line":36,"column":7}},"loc":{"start":{"line":18,"column":28},"end":{"line":36,"column":7}},"line":18},"38":{"name":"_callee","decl":{"start":{"line":38,"column":32},"end":{"line":55,"column":33}},"loc":{"start":{"line":38,"column":32},"end":{"line":55,"column":33}},"line":38},"39":{"name":"_callee$","decl":{"start":{"line":41,"column":-2},"end":{"line":55,"column":33}},"loc":{"start":{"line":41,"column":-2},"end":{"line":55,"column":33}},"line":41},"40":{"name":"getIngredientsApi","decl":{"start":{"line":74,"column":33},"end":{"line":80,"column":7}},"loc":{"start":{"line":74,"column":33},"end":{"line":80,"column":7}},"line":74},"41":{"name":"getFeedsApi","decl":{"start":{"line":82,"column":27},"end":{"line":88,"column":7}},"loc":{"start":{"line":82,"column":27},"end":{"line":88,"column":7}},"line":82},"42":{"name":"getOrdersApi","decl":{"start":{"line":90,"column":28},"end":{"line":100,"column":5}},"loc":{"start":{"line":90,"column":28},"end":{"line":100,"column":5}},"line":90},"43":{"name":"orderBurgerApi","decl":{"start":{"line":107,"column":30},"end":{"line":120,"column":5}},"loc":{"start":{"line":107,"column":30},"end":{"line":120,"column":5}},"line":107},"44":{"name":"getOrderByNumberApi","decl":{"start":{"line":126,"column":35},"end":{"line":132,"column":55}},"loc":{"start":{"line":126,"column":35},"end":{"line":132,"column":55}},"line":126},"45":{"name":"registerUserApi","decl":{"start":{"line":146,"column":31},"end":{"line":158,"column":7}},"loc":{"start":{"line":146,"column":31},"end":{"line":158,"column":7}},"line":146},"46":{"name":"loginUserApi","decl":{"start":{"line":165,"column":28},"end":{"line":177,"column":7}},"loc":{"start":{"line":165,"column":28},"end":{"line":177,"column":7}},"line":165},"47":{"name":"forgotPasswordApi","decl":{"start":{"line":179,"column":33},"end":{"line":191,"column":7}},"loc":{"start":{"line":179,"column":33},"end":{"line":191,"column":7}},"line":179},"48":{"name":"resetPasswordApi","decl":{"start":{"line":193,"column":32},"end":{"line":205,"column":7}},"loc":{"start":{"line":193,"column":32},"end":{"line":205,"column":7}},"line":193},"49":{"name":"getUserApi","decl":{"start":{"line":209,"column":26},"end":{"line":214,"column":5}},"loc":{"start":{"line":209,"column":26},"end":{"line":214,"column":5}},"line":209},"50":{"name":"updateUserApi","decl":{"start":{"line":216,"column":29},"end":{"line":224,"column":5}},"loc":{"start":{"line":216,"column":29},"end":{"line":224,"column":5}},"line":216},"51":{"name":"logoutApi","decl":{"start":{"line":226,"column":25},"end":{"line":235,"column":60}},"loc":{"start":{"line":226,"column":25},"end":{"line":235,"column":60}},"line":226}},"f":{"0":1,"1":2,"2":0,"3":13,"4":0,"5":2,"6":8,"7":0,"8":0,"9":0,"10":2,"11":0,"12":2,"13":0,"14":2,"15":4,"16":2,"17":1,"18":0,"19":0,"20":1,"21":0,"22":0,"23":0,"24":2,"25":2,"26":0,"27":4,"28":4,"29":0,"30":0,"31":0,"32":6,"33":1,"34":6,"35":0,"36":2,"37":0,"38":2,"39":8,"40":2,"41":2,"42":1,"43":2,"44":1,"45":1,"46":1,"47":0,"48":0,"49":1,"50":1,"51":0}}
,"C:\\Users\\qwint\\Dev Yandex\\stellar-burgers\\src\\utils\\cookie.ts": {"path":"C:\\Users\\qwint\\Dev Yandex\\stellar-burgers\\src\\utils\\cookie.ts","all":false,"statementMap":{"0":{"start":{"line":1,"column":0},"end":{"line":1,"column":61}},"1":{"start":{"line":2,"column":0},"end":{"line":2,"column":40}},"2":{"start":{"line":3,"column":0},"end":{"line":3,"column":15}},"3":{"start":{"line":4,"column":0},"end":{"line":4,"column":18}},"4":{"start":{"line":5,"column":0},"end":{"line":5,"column":53}},"5":{"start":{"line":6,"column":0},"end":{"line":6,"column":62}},"6":{"start":{"line":7,"column":0},"end":{"line":7,"column":18}},"7":{"start":{"line":8,"column":0},"end":{"line":8,"column":5}},"8":{"start":{"line":9,"column":0},"end":{"line":9,"column":4}},"9":{"start":{"line":10,"column":0},"end":{"line":10,"column":62}},"10":{"start":{"line":11,"column":0},"end":{"line":11,"column":1}},"11":{"start":{"line":12,"column":0},"end":{"line":12,"column":0}},"12":{"start":{"line":13,"column":0},"end":{"line":13,"column":26}},"13":{"start":{"line":14,"column":0},"end":{"line":14,"column":15}},"14":{"start":{"line":15,"column":0},"end":{"line":15,"column":16}},"15":{"start":{"line":16,"column":0},"end":{"line":16,"column":65}},"16":{"start":{"line":17,"column":0},"end":{"line":17,"column":3}},"17":{"start":{"line":18,"column":0},"end":{"line":18,"column":11}},"18":{"start":{"line":19,"column":0},"end":{"line":19,"column":14}},"19":{"start":{"line":20,"column":0},"end":{"line":20,"column":12}},"20":{"start":{"line":21,"column":0},"end":{"line":21,"column":4}},"21":{"start":{"line":22,"column":0},"end":{"line":22,"column":0}},"22":{"start":{"line":23,"column":0},"end":{"line":23,"column":26}},"23":{"start":{"line":24,"column":0},"end":{"line":24,"column":39}},"24":{"start":{"line":25,"column":0},"end":{"line":25,"column":25}},"25":{"start":{"line":26,"column":0},"end":{"line":26,"column":40}},"26":{"start":{"line":27,"column":0},"end":{"line":27,"column":28}},"27":{"start":{"line":28,"column":0},"end":{"line":28,"column":3}},"28":{"start":{"line":29,"column":0},"end":{"line":29,"column":0}},"29":{"start":{"line":30,"column":0},"end":{"line":30,"column":35}},"30":{"start":{"line":31,"column":0},"end":{"line":31,"column":38}},"31":{"start":{"line":32,"column":0},"end":{"line":32,"column":3}},"32":{"start":{"line":33,"column":0},"end":{"line":33,"column":36}},"33":{"start":{"line":34,"column":0},"end":{"line":34,"column":41}},"34":{"start":{"line":35,"column":0},"end":{"line":35,"column":33}},"35":{"start":{"line":36,"column":0},"end":{"line":36,"column":37}},"36":{"start":{"line":37,"column":0},"end":{"line":37,"column":38}},"37":{"start":{"line":38,"column":0},"end":{"line":38,"column":29}},"38":{"start":{"line":39,"column":0},"end":{"line":39,"column":39}},"39":{"start":{"line":40,"column":0},"end":{"line":40,"column":5}},"40":{"start":{"line":41,"column":0},"end":{"line":41,"column":3}},"41":{"start":{"line":42,"column":0},"end":{"line":42,"column":34}},"42":{"start":{"line":43,"column":0},"end":{"line":43,"column":1}},"43":{"start":{"line":44,"column":0},"end":{"line":44,"column":0}},"44":{"start":{"line":45,"column":0},"end":{"line":45,"column":44}},"45":{"start":{"line":46,"column":0},"end":{"line":46,"column":39}},"46":{"start":{"line":47,"column":0},"end":{"line":47,"column":1}}},"s":{"0":1,"1":0,"2":0,"3":0,"4":0,"5":0,"6":0,"7":0,"8":0,"9":0,"10":0,"11":1,"12":1,"13":0,"14":0,"15":0,"16":0,"17":0,"18":0,"19":0,"20":0,"21":0,"22":0,"23":0,"24":0,"25":0,"26":0,"27":0,"28":0,"29":0,"30":0,"31":0,"32":0,"33":0,"34":0,"35":0,"36":0,"37":0,"38":0,"39":0,"40":0,"41":0,"42":0,"43":1,"44":1,"45":0,"46":0},"branchMap":{},"b":{},"fnMap":{"0":{"name":"getCookie","decl":{"start":{"line":1,"column":7},"end":{"line":11,"column":1}},"loc":{"start":{"line":1,"column":7},"end":{"line":11,"column":1}},"line":1},"1":{"name":"setCookie","decl":{"start":{"line":13,"column":7},"end":{"line":43,"column":1}},"loc":{"start":{"line":13,"column":7},"end":{"line":43,"column":1}},"line":13},"2":{"name":"deleteCookie","decl":{"start":{"line":45,"column":7},"end":{"line":47,"column":1}},"loc":{"start":{"line":45,"column":7},"end":{"line":47,"column":1}},"line":45}},"f":{"0":0,"1":0,"2":0}}
}
